<?xml version="1.0" encoding="utf-8"?>
<CoverageSession xmlns:xsd="http://www.w3.org/2001/XMLSchema" xmlns:xsi="http://www.w3.org/2001/XMLSchema-instance" Version="0.0.0.0">
  <Summary numSequencePoints="391" visitedSequencePoints="247" numBranchPoints="0" visitedBranchPoints="0" sequenceCoverage="63.17" branchCoverage="0.0" maxCyclomaticComplexity="14" minCyclomaticComplexity="1" maxCrapScore="168.72" minCrapScore="1" visitedClasses="12" numClasses="12" visitedMethods="47" numMethods="47" />
  <Modules>
    <Module>
      <Summary numSequencePoints="391" visitedSequencePoints="247" numBranchPoints="0" visitedBranchPoints="0" sequenceCoverage="63.17" branchCoverage="0.0" maxCyclomaticComplexity="14" minCyclomaticComplexity="1" maxCrapScore="168.72" minCrapScore="1" visitedClasses="12" numClasses="12" visitedMethods="47" numMethods="47" />
      <ModuleTime>0001-01-01T00:00:00</ModuleTime>
      <ModuleName>Scripts</ModuleName>
      <Files>
        <File uid="1" fullPath="C:/Users/ajbun/Desktop/472/Crypto-Wars/Crypto Wars/Assets/Scripts/Battles.cs" />
        <File uid="2" fullPath="C:/Users/ajbun/Desktop/472/Crypto-Wars/Crypto Wars/Assets/Scripts/Building.cs" />
        <File uid="3" fullPath="C:/Users/ajbun/Desktop/472/Crypto-Wars/Crypto Wars/Assets/Scripts/buildingRegistry.cs" />
        <File uid="4" fullPath="C:/Users/ajbun/Desktop/472/Crypto-Wars/Crypto Wars/Assets/Scripts/CameraScript.cs" />
        <File uid="5" fullPath="C:/Users/ajbun/Desktop/472/Crypto-Wars/Crypto Wars/Assets/Scripts/cardRegistry.cs" />
        <File uid="6" fullPath="C:/Users/ajbun/Desktop/472/Crypto-Wars/Crypto Wars/Assets/Scripts/CardStack.cs" />
        <File uid="7" fullPath="C:/Users/ajbun/Desktop/472/Crypto-Wars/Crypto Wars/Assets/Scripts/Card_Abstract.cs" />
        <File uid="8" fullPath="C:/Users/ajbun/Desktop/472/Crypto-Wars/Crypto Wars/Assets/Scripts/EndTurn.cs" />
        <File uid="9" fullPath="C:/Users/ajbun/Desktop/472/Crypto-Wars/Crypto Wars/Assets/Scripts/GameManager.cs" />
        <File uid="10" fullPath="C:/Users/ajbun/Desktop/472/Crypto-Wars/Crypto Wars/Assets/Scripts/GUI/AttackButtonScript.cs" />
        <File uid="11" fullPath="C:/Users/ajbun/Desktop/472/Crypto-Wars/Crypto Wars/Assets/Scripts/GUI/BuildButtonScript.cs" />
        <File uid="12" fullPath="C:/Users/ajbun/Desktop/472/Crypto-Wars/Crypto Wars/Assets/Scripts/GUI/EscapeMenu.cs" />
        <File uid="13" fullPath="C:/Users/ajbun/Desktop/472/Crypto-Wars/Crypto Wars/Assets/Scripts/GUI/InventoryManager.cs" />
        <File uid="14" fullPath="C:/Users/ajbun/Desktop/472/Crypto-Wars/Crypto Wars/Assets/Scripts/GUI/InventorySelection.cs" />
        <File uid="15" fullPath="C:/Users/ajbun/Desktop/472/Crypto-Wars/Crypto Wars/Assets/Scripts/GUI/MainMenu.cs" />
        <File uid="16" fullPath="C:/Users/ajbun/Desktop/472/Crypto-Wars/Crypto Wars/Assets/Scripts/GUI/PlayerList.cs" />
        <File uid="17" fullPath="C:/Users/ajbun/Desktop/472/Crypto-Wars/Crypto Wars/Assets/Scripts/GUI/Stash.cs" />
        <File uid="18" fullPath="C:/Users/ajbun/Desktop/472/Crypto-Wars/Crypto Wars/Assets/Scripts/Hand.cs" />
        <File uid="19" fullPath="C:/Users/ajbun/Desktop/472/Crypto-Wars/Crypto Wars/Assets/Scripts/Inventory.cs" />
        <File uid="20" fullPath="C:/Users/ajbun/Desktop/472/Crypto-Wars/Crypto Wars/Assets/Scripts/PlayerController.cs" />
        <File uid="21" fullPath="C:/Users/ajbun/Desktop/472/Crypto-Wars/Crypto Wars/Assets/Scripts/PlayerScript.cs" />
        <File uid="22" fullPath="C:/Users/ajbun/Desktop/472/Crypto-Wars/Crypto Wars/Assets/Scripts/TileScript.cs" />
        <File uid="23" fullPath="C:/Users/ajbun/Desktop/472/Crypto-Wars/Crypto Wars/Assets/Scripts/TurnMaster.cs" />
        <File uid="24" fullPath="C:/Users/ajbun/Desktop/472/Crypto-Wars/Crypto Wars/Assets/Scripts/WinConditions.cs" />
      </Files>
      <Classes>
        <Class>
          <Summary numSequencePoints="31" visitedSequencePoints="19" numBranchPoints="0" visitedBranchPoints="0" sequenceCoverage="61.29" branchCoverage="0.0" maxCyclomaticComplexity="5" minCyclomaticComplexity="1" maxCrapScore="9.06" minCrapScore="1" visitedClasses="1" numClasses="1" visitedMethods="3" numMethods="3" />
          <FullName>CameraScript</FullName>
          <Methods>
            <Method visited="true" cyclomaticComplexity="1" nPathComplexity="0" sequenceCoverage="100.0" branchCoverage="0" crapScore="1" isConstructor="false" isStatic="false" isGetter="false" isSetter="false">
              <Summary numSequencePoints="3" visitedSequencePoints="3" numBranchPoints="0" visitedBranchPoints="0" sequenceCoverage="100.0" branchCoverage="0" maxCyclomaticComplexity="1" minCyclomaticComplexity="1" maxCrapScore="1" minCrapScore="1" visitedClasses="0" numClasses="0" visitedMethods="1" numMethods="1" />
              <MetadataToken>100663322</MetadataToken>
              <Name>System.Void CameraScript::Start()</Name>
              <FileRef uid="4" />
              <SequencePoints>
                <SequencePoint vc="7" uspid="1403" ordinal="0" offset="0" sl="17" sc="5" el="17" ec="5" bec="0" bev="0" fileid="4" />
                <SequencePoint vc="7" uspid="1404" ordinal="0" offset="1" sl="19" sc="9" el="19" ec="9" bec="0" bev="0" fileid="4" />
                <SequencePoint vc="7" uspid="1405" ordinal="0" offset="17" sl="20" sc="5" el="20" ec="5" bec="0" bev="0" fileid="4" />
              </SequencePoints>
              <BranchPoints />
            </Method>
            <Method visited="true" cyclomaticComplexity="5" nPathComplexity="0" sequenceCoverage="45.45" branchCoverage="0" crapScore="9.06" isConstructor="false" isStatic="false" isGetter="false" isSetter="false">
              <Summary numSequencePoints="22" visitedSequencePoints="10" numBranchPoints="0" visitedBranchPoints="0" sequenceCoverage="45.45" branchCoverage="0" maxCyclomaticComplexity="5" minCyclomaticComplexity="5" maxCrapScore="9.06" minCrapScore="9.06" visitedClasses="0" numClasses="0" visitedMethods="1" numMethods="1" />
              <MetadataToken>100663323</MetadataToken>
              <Name>System.Void CameraScript::Update()</Name>
              <FileRef uid="4" />
              <SequencePoints>
                <SequencePoint vc="2125" uspid="1406" ordinal="0" offset="0" sl="24" sc="5" el="24" ec="5" bec="0" bev="0" fileid="4" />
                <SequencePoint vc="2125" uspid="1407" ordinal="0" offset="1" sl="25" sc="9" el="25" ec="9" bec="0" bev="0" fileid="4" />
                <SequencePoint vc="2125" uspid="1408" ordinal="0" offset="12" sl="28" sc="9" el="28" ec="9" bec="0" bev="0" fileid="4" />
                <SequencePoint vc="0" uspid="1409" ordinal="0" offset="23" sl="29" sc="9" el="29" ec="9" bec="0" bev="0" fileid="4" />
                <SequencePoint vc="0" uspid="1410" ordinal="0" offset="24" sl="30" sc="13" el="30" ec="13" bec="0" bev="0" fileid="4" />
                <SequencePoint vc="0" uspid="1411" ordinal="0" offset="75" sl="31" sc="9" el="31" ec="9" bec="0" bev="0" fileid="4" />
                <SequencePoint vc="2125" uspid="1412" ordinal="0" offset="76" sl="32" sc="9" el="32" ec="9" bec="0" bev="0" fileid="4" />
                <SequencePoint vc="0" uspid="1413" ordinal="0" offset="87" sl="33" sc="9" el="33" ec="9" bec="0" bev="0" fileid="4" />
                <SequencePoint vc="0" uspid="1414" ordinal="0" offset="88" sl="34" sc="13" el="34" ec="13" bec="0" bev="0" fileid="4" />
                <SequencePoint vc="0" uspid="1415" ordinal="0" offset="138" sl="35" sc="9" el="35" ec="9" bec="0" bev="0" fileid="4" />
                <SequencePoint vc="2125" uspid="1416" ordinal="0" offset="139" sl="36" sc="9" el="36" ec="9" bec="0" bev="0" fileid="4" />
                <SequencePoint vc="0" uspid="1417" ordinal="0" offset="150" sl="37" sc="9" el="37" ec="9" bec="0" bev="0" fileid="4" />
                <SequencePoint vc="0" uspid="1418" ordinal="0" offset="151" sl="38" sc="13" el="38" ec="13" bec="0" bev="0" fileid="4" />
                <SequencePoint vc="0" uspid="1419" ordinal="0" offset="202" sl="39" sc="9" el="39" ec="9" bec="0" bev="0" fileid="4" />
                <SequencePoint vc="2125" uspid="1420" ordinal="0" offset="203" sl="40" sc="9" el="40" ec="9" bec="0" bev="0" fileid="4" />
                <SequencePoint vc="0" uspid="1421" ordinal="0" offset="216" sl="41" sc="9" el="41" ec="9" bec="0" bev="0" fileid="4" />
                <SequencePoint vc="0" uspid="1422" ordinal="0" offset="217" sl="42" sc="13" el="42" ec="13" bec="0" bev="0" fileid="4" />
                <SequencePoint vc="0" uspid="1423" ordinal="0" offset="267" sl="43" sc="9" el="43" ec="9" bec="0" bev="0" fileid="4" />
                <SequencePoint vc="2125" uspid="1424" ordinal="0" offset="268" sl="45" sc="9" el="45" ec="9" bec="0" bev="0" fileid="4" />
                <SequencePoint vc="2125" uspid="1425" ordinal="0" offset="282" sl="46" sc="9" el="46" ec="9" bec="0" bev="0" fileid="4" />
                <SequencePoint vc="2125" uspid="1426" ordinal="0" offset="328" sl="47" sc="9" el="47" ec="9" bec="0" bev="0" fileid="4" />
                <SequencePoint vc="2125" uspid="1427" ordinal="0" offset="383" sl="48" sc="5" el="48" ec="5" bec="0" bev="0" fileid="4" />
              </SequencePoints>
              <BranchPoints />
            </Method>
            <Method visited="true" cyclomaticComplexity="1" nPathComplexity="0" sequenceCoverage="100.0" branchCoverage="0" crapScore="1" isConstructor="true" isStatic="false" isGetter="false" isSetter="false">
              <Summary numSequencePoints="6" visitedSequencePoints="6" numBranchPoints="0" visitedBranchPoints="0" sequenceCoverage="100.0" branchCoverage="0" maxCyclomaticComplexity="1" minCyclomaticComplexity="1" maxCrapScore="1" minCrapScore="1" visitedClasses="0" numClasses="0" visitedMethods="1" numMethods="1" />
              <MetadataToken>100663324</MetadataToken>
              <Name>CameraScript::CameraScript()</Name>
              <FileRef uid="4" />
              <SequencePoints>
                <SequencePoint vc="7" uspid="1428" ordinal="0" offset="0" sl="8" sc="5" el="8" ec="5" bec="0" bev="0" fileid="4" />
                <SequencePoint vc="7" uspid="1429" ordinal="0" offset="11" sl="9" sc="5" el="9" ec="5" bec="0" bev="0" fileid="4" />
                <SequencePoint vc="7" uspid="1430" ordinal="0" offset="22" sl="10" sc="5" el="10" ec="5" bec="0" bev="0" fileid="4" />
                <SequencePoint vc="7" uspid="1431" ordinal="0" offset="33" sl="11" sc="5" el="11" ec="5" bec="0" bev="0" fileid="4" />
                <SequencePoint vc="7" uspid="1432" ordinal="0" offset="44" sl="13" sc="5" el="13" ec="5" bec="0" bev="0" fileid="4" />
                <SequencePoint vc="7" uspid="1433" ordinal="0" offset="55" sl="14" sc="5" el="14" ec="5" bec="0" bev="0" fileid="4" />
              </SequencePoints>
              <BranchPoints />
            </Method>
          </Methods>
        </Class>
        <Class>
          <Summary numSequencePoints="12" visitedSequencePoints="12" numBranchPoints="0" visitedBranchPoints="0" sequenceCoverage="100.0" branchCoverage="0.0" maxCyclomaticComplexity="1" minCyclomaticComplexity="1" maxCrapScore="1" minCrapScore="1" visitedClasses="1" numClasses="1" visitedMethods="3" numMethods="3" />
          <FullName>CardStack</FullName>
          <Methods>
            <Method visited="true" cyclomaticComplexity="1" nPathComplexity="0" sequenceCoverage="100.0" branchCoverage="0" crapScore="1" isConstructor="false" isStatic="false" isGetter="false" isSetter="false">
              <Summary numSequencePoints="3" visitedSequencePoints="3" numBranchPoints="0" visitedBranchPoints="0" sequenceCoverage="100.0" branchCoverage="0" maxCyclomaticComplexity="1" minCyclomaticComplexity="1" maxCrapScore="1" minCrapScore="1" visitedClasses="0" numClasses="0" visitedMethods="1" numMethods="1" />
              <MetadataToken>100663331</MetadataToken>
              <Name>Card CardStack::GetCardinStack()</Name>
              <FileRef uid="6" />
              <SequencePoints>
                <SequencePoint vc="4" uspid="1458" ordinal="0" offset="0" sl="18" sc="34" el="18" ec="34" bec="0" bev="0" fileid="6" />
                <SequencePoint vc="4" uspid="1459" ordinal="0" offset="1" sl="19" sc="9" el="19" ec="9" bec="0" bev="0" fileid="6" />
                <SequencePoint vc="4" uspid="1460" ordinal="0" offset="10" sl="20" sc="5" el="20" ec="5" bec="0" bev="0" fileid="6" />
              </SequencePoints>
              <BranchPoints />
            </Method>
            <Method visited="true" cyclomaticComplexity="1" nPathComplexity="0" sequenceCoverage="100.0" branchCoverage="0" crapScore="1" isConstructor="false" isStatic="false" isGetter="false" isSetter="false">
              <Summary numSequencePoints="3" visitedSequencePoints="3" numBranchPoints="0" visitedBranchPoints="0" sequenceCoverage="100.0" branchCoverage="0" maxCyclomaticComplexity="1" minCyclomaticComplexity="1" maxCrapScore="1" minCrapScore="1" visitedClasses="0" numClasses="0" visitedMethods="1" numMethods="1" />
              <MetadataToken>100663337</MetadataToken>
              <Name>System.Int32 CardStack::GetSize()</Name>
              <FileRef uid="6" />
              <SequencePoints>
                <SequencePoint vc="3" uspid="1497" ordinal="0" offset="0" sl="65" sc="5" el="65" ec="5" bec="0" bev="0" fileid="6" />
                <SequencePoint vc="3" uspid="1498" ordinal="0" offset="1" sl="66" sc="9" el="66" ec="9" bec="0" bev="0" fileid="6" />
                <SequencePoint vc="3" uspid="1499" ordinal="0" offset="10" sl="67" sc="5" el="67" ec="5" bec="0" bev="0" fileid="6" />
              </SequencePoints>
              <BranchPoints />
            </Method>
            <Method visited="true" cyclomaticComplexity="1" nPathComplexity="0" sequenceCoverage="100.0" branchCoverage="0" crapScore="1" isConstructor="true" isStatic="false" isGetter="false" isSetter="false">
              <Summary numSequencePoints="6" visitedSequencePoints="6" numBranchPoints="0" visitedBranchPoints="0" sequenceCoverage="100.0" branchCoverage="0" maxCyclomaticComplexity="1" minCyclomaticComplexity="1" maxCrapScore="1" minCrapScore="1" visitedClasses="0" numClasses="0" visitedMethods="1" numMethods="1" />
              <MetadataToken>100663330</MetadataToken>
              <Name>CardStack::CardStack(Card, System.Int32)</Name>
              <FileRef uid="6" />
              <SequencePoints>
                <SequencePoint vc="2" uspid="1500" ordinal="0" offset="0" sl="12" sc="5" el="12" ec="5" bec="0" bev="0" fileid="6" />
                <SequencePoint vc="2" uspid="1501" ordinal="0" offset="7" sl="12" sc="46" el="12" ec="46" bec="0" bev="0" fileid="6" />
                <SequencePoint vc="2" uspid="1502" ordinal="0" offset="8" sl="13" sc="9" el="13" ec="9" bec="0" bev="0" fileid="6" />
                <SequencePoint vc="2" uspid="1503" ordinal="0" offset="15" sl="14" sc="9" el="14" ec="9" bec="0" bev="0" fileid="6" />
                <SequencePoint vc="2" uspid="1504" ordinal="0" offset="22" sl="15" sc="9" el="15" ec="9" bec="0" bev="0" fileid="6" />
                <SequencePoint vc="2" uspid="1505" ordinal="0" offset="29" sl="16" sc="5" el="16" ec="5" bec="0" bev="0" fileid="6" />
              </SequencePoints>
              <BranchPoints />
            </Method>
          </Methods>
        </Class>
        <Class>
          <Summary numSequencePoints="8" visitedSequencePoints="8" numBranchPoints="0" visitedBranchPoints="0" sequenceCoverage="100.0" branchCoverage="0.0" maxCyclomaticComplexity="1" minCyclomaticComplexity="1" maxCrapScore="1" minCrapScore="1" visitedClasses="1" numClasses="1" visitedMethods="2" numMethods="2" />
          <FullName>Card</FullName>
          <Methods>
            <Method visited="true" cyclomaticComplexity="1" nPathComplexity="0" sequenceCoverage="100.0" branchCoverage="0" crapScore="1" isConstructor="false" isStatic="false" isGetter="false" isSetter="false">
              <Summary numSequencePoints="3" visitedSequencePoints="3" numBranchPoints="0" visitedBranchPoints="0" sequenceCoverage="100.0" branchCoverage="0" maxCyclomaticComplexity="1" minCyclomaticComplexity="1" maxCrapScore="1" minCrapScore="1" visitedClasses="0" numClasses="0" visitedMethods="1" numMethods="1" />
              <MetadataToken>100663339</MetadataToken>
              <Name>System.String Card::getName()</Name>
              <FileRef uid="7" />
              <SequencePoints>
                <SequencePoint vc="6" uspid="1506" ordinal="0" offset="0" sl="27" sc="29" el="27" ec="29" bec="0" bev="0" fileid="7" />
                <SequencePoint vc="6" uspid="1507" ordinal="0" offset="1" sl="28" sc="9" el="28" ec="9" bec="0" bev="0" fileid="7" />
                <SequencePoint vc="6" uspid="1508" ordinal="0" offset="10" sl="29" sc="5" el="29" ec="5" bec="0" bev="0" fileid="7" />
              </SequencePoints>
              <BranchPoints />
            </Method>
            <Method visited="true" cyclomaticComplexity="1" nPathComplexity="0" sequenceCoverage="100.0" branchCoverage="0" crapScore="1" isConstructor="true" isStatic="false" isGetter="false" isSetter="false">
              <Summary numSequencePoints="5" visitedSequencePoints="5" numBranchPoints="0" visitedBranchPoints="0" sequenceCoverage="100.0" branchCoverage="0" maxCyclomaticComplexity="1" minCyclomaticComplexity="1" maxCrapScore="1" minCrapScore="1" visitedClasses="0" numClasses="0" visitedMethods="1" numMethods="1" />
              <MetadataToken>100663338</MetadataToken>
              <Name>Card::Card(UnityEngine.Sprite, System.String)</Name>
              <FileRef uid="7" />
              <SequencePoints>
                <SequencePoint vc="17" uspid="1536" ordinal="0" offset="0" sl="22" sc="5" el="22" ec="5" bec="0" bev="0" fileid="7" />
                <SequencePoint vc="17" uspid="1537" ordinal="0" offset="7" sl="22" sc="43" el="22" ec="43" bec="0" bev="0" fileid="7" />
                <SequencePoint vc="17" uspid="1538" ordinal="0" offset="8" sl="23" sc="9" el="23" ec="9" bec="0" bev="0" fileid="7" />
                <SequencePoint vc="17" uspid="1539" ordinal="0" offset="15" sl="24" sc="9" el="24" ec="9" bec="0" bev="0" fileid="7" />
                <SequencePoint vc="17" uspid="1540" ordinal="0" offset="22" sl="25" sc="5" el="25" ec="5" bec="0" bev="0" fileid="7" />
              </SequencePoints>
              <BranchPoints />
            </Method>
          </Methods>
        </Class>
        <Class>
          <Summary numSequencePoints="5" visitedSequencePoints="5" numBranchPoints="0" visitedBranchPoints="0" sequenceCoverage="100.0" branchCoverage="0.0" maxCyclomaticComplexity="1" minCyclomaticComplexity="1" maxCrapScore="1" minCrapScore="1" visitedClasses="1" numClasses="1" visitedMethods="1" numMethods="1" />
          <FullName>EndTurn</FullName>
          <Methods>
            <Method visited="true" cyclomaticComplexity="1" nPathComplexity="0" sequenceCoverage="100.0" branchCoverage="0" crapScore="1" isConstructor="false" isStatic="false" isGetter="false" isSetter="false">
              <Summary numSequencePoints="5" visitedSequencePoints="5" numBranchPoints="0" visitedBranchPoints="0" sequenceCoverage="100.0" branchCoverage="0" maxCyclomaticComplexity="1" minCyclomaticComplexity="1" maxCrapScore="1" minCrapScore="1" visitedClasses="0" numClasses="0" visitedMethods="1" numMethods="1" />
              <MetadataToken>100663346</MetadataToken>
              <Name>System.Void EndTurn::Start()</Name>
              <FileRef uid="8" />
              <SequencePoints>
                <SequencePoint vc="7" uspid="1541" ordinal="0" offset="0" sl="16" sc="5" el="16" ec="5" bec="0" bev="0" fileid="8" />
                <SequencePoint vc="7" uspid="1542" ordinal="0" offset="1" sl="17" sc="9" el="17" ec="9" bec="0" bev="0" fileid="8" />
                <SequencePoint vc="7" uspid="1543" ordinal="0" offset="8" sl="18" sc="9" el="18" ec="9" bec="0" bev="0" fileid="8" />
                <SequencePoint vc="7" uspid="1544" ordinal="0" offset="20" sl="19" sc="9" el="19" ec="9" bec="0" bev="0" fileid="8" />
                <SequencePoint vc="7" uspid="1545" ordinal="0" offset="53" sl="20" sc="5" el="20" ec="5" bec="0" bev="0" fileid="8" />
              </SequencePoints>
              <BranchPoints />
            </Method>
          </Methods>
        </Class>
        <Class>
          <Summary numSequencePoints="71" visitedSequencePoints="37" numBranchPoints="0" visitedBranchPoints="0" sequenceCoverage="52.11" branchCoverage="0.0" maxCyclomaticComplexity="10" minCyclomaticComplexity="1" maxCrapScore="62.28" minCrapScore="1" visitedClasses="1" numClasses="1" visitedMethods="6" numMethods="6" />
          <FullName>InventoryManager</FullName>
          <Methods>
            <Method visited="true" cyclomaticComplexity="3" nPathComplexity="0" sequenceCoverage="100.0" branchCoverage="0" crapScore="3" isConstructor="false" isStatic="false" isGetter="false" isSetter="false">
              <Summary numSequencePoints="12" visitedSequencePoints="12" numBranchPoints="0" visitedBranchPoints="0" sequenceCoverage="100.0" branchCoverage="0" maxCyclomaticComplexity="3" minCyclomaticComplexity="3" maxCrapScore="3" minCrapScore="3" visitedClasses="0" numClasses="0" visitedMethods="1" numMethods="1" />
              <MetadataToken>100663374</MetadataToken>
              <Name>System.Void InventoryManager::Start()</Name>
              <FileRef uid="13" />
              <SequencePoints>
                <SequencePoint vc="7" uspid="1765" ordinal="0" offset="0" sl="25" sc="5" el="25" ec="5" bec="0" bev="0" fileid="13" />
                <SequencePoint vc="7" uspid="1766" ordinal="0" offset="1" sl="26" sc="14" el="26" ec="14" bec="0" bev="0" fileid="13" />
                <SequencePoint vc="35" uspid="1767" ordinal="0" offset="5" sl="26" sc="37" el="26" ec="37" bec="0" bev="0" fileid="13" />
                <SequencePoint vc="35" uspid="1768" ordinal="0" offset="6" sl="27" sc="13" el="27" ec="13" bec="0" bev="0" fileid="13" />
                <SequencePoint vc="35" uspid="1769" ordinal="0" offset="14" sl="28" sc="13" el="28" ec="13" bec="0" bev="0" fileid="13" />
                <SequencePoint vc="35" uspid="1770" ordinal="0" offset="47" sl="29" sc="9" el="29" ec="9" bec="0" bev="0" fileid="13" />
                <SequencePoint vc="35" uspid="1771" ordinal="0" offset="48" sl="26" sc="32" el="26" ec="32" bec="0" bev="0" fileid="13" />
                <SequencePoint vc="42" uspid="1772" ordinal="0" offset="52" sl="26" sc="25" el="26" ec="25" bec="0" bev="0" fileid="13" />
                <SequencePoint vc="7" uspid="1773" ordinal="0" offset="60" sl="31" sc="9" el="31" ec="9" bec="0" bev="0" fileid="13" />
                <SequencePoint vc="7" uspid="1774" ordinal="0" offset="77" sl="32" sc="9" el="32" ec="9" bec="0" bev="0" fileid="13" />
                <SequencePoint vc="7" uspid="1775" ordinal="0" offset="94" sl="34" sc="9" el="34" ec="9" bec="0" bev="0" fileid="13" />
                <SequencePoint vc="7" uspid="1776" ordinal="0" offset="109" sl="36" sc="5" el="36" ec="5" bec="0" bev="0" fileid="13" />
              </SequencePoints>
              <BranchPoints />
            </Method>
            <Method visited="true" cyclomaticComplexity="10" nPathComplexity="0" sequenceCoverage="19.44" branchCoverage="0" crapScore="62.28" isConstructor="false" isStatic="false" isGetter="false" isSetter="false">
              <Summary numSequencePoints="36" visitedSequencePoints="7" numBranchPoints="0" visitedBranchPoints="0" sequenceCoverage="19.44" branchCoverage="0" maxCyclomaticComplexity="10" minCyclomaticComplexity="10" maxCrapScore="62.28" minCrapScore="62.28" visitedClasses="0" numClasses="0" visitedMethods="1" numMethods="1" />
              <MetadataToken>100663375</MetadataToken>
              <Name>System.Void InventoryManager::Update()</Name>
              <FileRef uid="13" />
              <SequencePoints>
                <SequencePoint vc="2125" uspid="1777" ordinal="0" offset="0" sl="40" sc="5" el="40" ec="5" bec="0" bev="0" fileid="13" />
                <SequencePoint vc="2125" uspid="1778" ordinal="0" offset="1" sl="42" sc="9" el="42" ec="9" bec="0" bev="0" fileid="13" />
                <SequencePoint vc="0" uspid="1779" ordinal="0" offset="12" sl="42" sc="42" el="42" ec="42" bec="0" bev="0" fileid="13" />
                <SequencePoint vc="0" uspid="1780" ordinal="0" offset="13" sl="43" sc="13" el="43" ec="13" bec="0" bev="0" fileid="13" />
                <SequencePoint vc="0" uspid="1781" ordinal="0" offset="30" sl="44" sc="9" el="44" ec="9" bec="0" bev="0" fileid="13" />
                <SequencePoint vc="2125" uspid="1782" ordinal="0" offset="31" sl="45" sc="9" el="45" ec="9" bec="0" bev="0" fileid="13" />
                <SequencePoint vc="0" uspid="1783" ordinal="0" offset="42" sl="46" sc="9" el="46" ec="9" bec="0" bev="0" fileid="13" />
                <SequencePoint vc="0" uspid="1784" ordinal="0" offset="43" sl="47" sc="13" el="47" ec="13" bec="0" bev="0" fileid="13" />
                <SequencePoint vc="0" uspid="1785" ordinal="0" offset="60" sl="48" sc="9" el="48" ec="9" bec="0" bev="0" fileid="13" />
                <SequencePoint vc="2125" uspid="1786" ordinal="0" offset="61" sl="49" sc="9" el="49" ec="9" bec="0" bev="0" fileid="13" />
                <SequencePoint vc="0" uspid="1787" ordinal="0" offset="72" sl="50" sc="9" el="50" ec="9" bec="0" bev="0" fileid="13" />
                <SequencePoint vc="0" uspid="1788" ordinal="0" offset="73" sl="51" sc="13" el="51" ec="13" bec="0" bev="0" fileid="13" />
                <SequencePoint vc="0" uspid="1789" ordinal="0" offset="90" sl="52" sc="9" el="52" ec="9" bec="0" bev="0" fileid="13" />
                <SequencePoint vc="2125" uspid="1790" ordinal="0" offset="91" sl="53" sc="9" el="53" ec="9" bec="0" bev="0" fileid="13" />
                <SequencePoint vc="0" uspid="1791" ordinal="0" offset="102" sl="54" sc="9" el="54" ec="9" bec="0" bev="0" fileid="13" />
                <SequencePoint vc="0" uspid="1792" ordinal="0" offset="103" sl="55" sc="13" el="55" ec="13" bec="0" bev="0" fileid="13" />
                <SequencePoint vc="0" uspid="1793" ordinal="0" offset="120" sl="56" sc="9" el="56" ec="9" bec="0" bev="0" fileid="13" />
                <SequencePoint vc="2125" uspid="1794" ordinal="0" offset="121" sl="58" sc="9" el="58" ec="9" bec="0" bev="0" fileid="13" />
                <SequencePoint vc="0" uspid="1795" ordinal="0" offset="135" sl="58" sc="41" el="58" ec="41" bec="0" bev="0" fileid="13" />
                <SequencePoint vc="0" uspid="1796" ordinal="0" offset="136" sl="60" sc="18" el="60" ec="18" bec="0" bev="0" fileid="13" />
                <SequencePoint vc="0" uspid="1797" ordinal="0" offset="141" sl="60" sc="40" el="60" ec="40" bec="0" bev="0" fileid="13" />
                <SequencePoint vc="0" uspid="1798" ordinal="0" offset="142" sl="61" sc="17" el="61" ec="17" bec="0" bev="0" fileid="13" />
                <SequencePoint vc="0" uspid="1799" ordinal="0" offset="151" sl="62" sc="13" el="62" ec="13" bec="0" bev="0" fileid="13" />
                <SequencePoint vc="0" uspid="1800" ordinal="0" offset="152" sl="60" sc="36" el="60" ec="36" bec="0" bev="0" fileid="13" />
                <SequencePoint vc="0" uspid="1801" ordinal="0" offset="158" sl="60" sc="29" el="60" ec="29" bec="0" bev="0" fileid="13" />
                <SequencePoint vc="0" uspid="1802" ordinal="0" offset="169" sl="63" sc="13" el="63" ec="13" bec="0" bev="0" fileid="13" />
                <SequencePoint vc="0" uspid="1803" ordinal="0" offset="181" sl="64" sc="18" el="64" ec="18" bec="0" bev="0" fileid="13" />
                <SequencePoint vc="0" uspid="1804" ordinal="0" offset="186" sl="64" sc="81" el="64" ec="81" bec="0" bev="0" fileid="13" />
                <SequencePoint vc="0" uspid="1805" ordinal="0" offset="187" sl="65" sc="17" el="65" ec="17" bec="0" bev="0" fileid="13" />
                <SequencePoint vc="0" uspid="1806" ordinal="0" offset="229" sl="66" sc="17" el="66" ec="17" bec="0" bev="0" fileid="13" />
                <SequencePoint vc="0" uspid="1807" ordinal="0" offset="275" sl="67" sc="13" el="67" ec="13" bec="0" bev="0" fileid="13" />
                <SequencePoint vc="0" uspid="1808" ordinal="0" offset="276" sl="64" sc="77" el="64" ec="77" bec="0" bev="0" fileid="13" />
                <SequencePoint vc="0" uspid="1809" ordinal="0" offset="282" sl="64" sc="29" el="64" ec="29" bec="0" bev="0" fileid="13" />
                <SequencePoint vc="0" uspid="1810" ordinal="0" offset="302" sl="68" sc="13" el="68" ec="13" bec="0" bev="0" fileid="13" />
                <SequencePoint vc="0" uspid="1811" ordinal="0" offset="308" sl="69" sc="9" el="69" ec="9" bec="0" bev="0" fileid="13" />
                <SequencePoint vc="2125" uspid="1812" ordinal="0" offset="309" sl="70" sc="5" el="70" ec="5" bec="0" bev="0" fileid="13" />
              </SequencePoints>
              <BranchPoints />
            </Method>
            <Method visited="true" cyclomaticComplexity="2" nPathComplexity="0" sequenceCoverage="100.0" branchCoverage="0" crapScore="2" isConstructor="false" isStatic="false" isGetter="false" isSetter="false">
              <Summary numSequencePoints="4" visitedSequencePoints="4" numBranchPoints="0" visitedBranchPoints="0" sequenceCoverage="100.0" branchCoverage="0" maxCyclomaticComplexity="2" minCyclomaticComplexity="2" maxCrapScore="2" minCrapScore="2" visitedClasses="0" numClasses="0" visitedMethods="1" numMethods="1" />
              <MetadataToken>100663377</MetadataToken>
              <Name>System.Void InventoryManager::SetText(System.String, System.Int32, System.String)</Name>
              <FileRef uid="13" />
              <SequencePoints>
                <SequencePoint vc="78" uspid="1815" ordinal="0" offset="0" sl="77" sc="71" el="77" ec="71" bec="0" bev="0" fileid="13" />
                <SequencePoint vc="78" uspid="1816" ordinal="0" offset="1" sl="78" sc="9" el="78" ec="9" bec="0" bev="0" fileid="13" />
                <SequencePoint vc="10" uspid="1817" ordinal="0" offset="22" sl="79" sc="13" el="79" ec="13" bec="0" bev="0" fileid="13" />
                <SequencePoint vc="78" uspid="1818" ordinal="0" offset="56" sl="80" sc="5" el="80" ec="5" bec="0" bev="0" fileid="13" />
              </SequencePoints>
              <BranchPoints />
            </Method>
            <Method visited="true" cyclomaticComplexity="1" nPathComplexity="0" sequenceCoverage="100.0" branchCoverage="0" crapScore="1" isConstructor="false" isStatic="false" isGetter="false" isSetter="false">
              <Summary numSequencePoints="5" visitedSequencePoints="5" numBranchPoints="0" visitedBranchPoints="0" sequenceCoverage="100.0" branchCoverage="0" maxCyclomaticComplexity="1" minCyclomaticComplexity="1" maxCrapScore="1" minCrapScore="1" visitedClasses="0" numClasses="0" visitedMethods="1" numMethods="1" />
              <MetadataToken>100663378</MetadataToken>
              <Name>System.Void InventoryManager::SetupSlot(System.Int32)</Name>
              <FileRef uid="13" />
              <SequencePoints>
                <SequencePoint vc="35" uspid="1819" ordinal="0" offset="0" sl="83" sc="38" el="83" ec="38" bec="0" bev="0" fileid="13" />
                <SequencePoint vc="35" uspid="1820" ordinal="0" offset="1" sl="84" sc="9" el="84" ec="9" bec="0" bev="0" fileid="13" />
                <SequencePoint vc="35" uspid="1821" ordinal="0" offset="64" sl="85" sc="9" el="85" ec="9" bec="0" bev="0" fileid="13" />
                <SequencePoint vc="35" uspid="1822" ordinal="0" offset="82" sl="86" sc="9" el="86" ec="9" bec="0" bev="0" fileid="13" />
                <SequencePoint vc="35" uspid="1823" ordinal="0" offset="100" sl="87" sc="5" el="87" ec="5" bec="0" bev="0" fileid="13" />
              </SequencePoints>
              <BranchPoints />
            </Method>
            <Method visited="true" cyclomaticComplexity="4" nPathComplexity="0" sequenceCoverage="58.33" branchCoverage="0" crapScore="5.16" isConstructor="false" isStatic="false" isGetter="false" isSetter="false">
              <Summary numSequencePoints="12" visitedSequencePoints="7" numBranchPoints="0" visitedBranchPoints="0" sequenceCoverage="58.33" branchCoverage="0" maxCyclomaticComplexity="4" minCyclomaticComplexity="4" maxCrapScore="5.16" minCrapScore="5.16" visitedClasses="0" numClasses="0" visitedMethods="1" numMethods="1" />
              <MetadataToken>100663379</MetadataToken>
              <Name>System.Void InventoryManager::ReorderSlots()</Name>
              <FileRef uid="13" />
              <SequencePoints>
                <SequencePoint vc="2" uspid="1824" ordinal="0" offset="0" sl="90" sc="32" el="90" ec="32" bec="0" bev="0" fileid="13" />
                <SequencePoint vc="2" uspid="1825" ordinal="0" offset="1" sl="91" sc="9" el="91" ec="9" bec="0" bev="0" fileid="13" />
                <SequencePoint vc="2" uspid="1826" ordinal="0" offset="12" sl="92" sc="14" el="92" ec="14" bec="0" bev="0" fileid="13" />
                <SequencePoint vc="0" uspid="1827" ordinal="0" offset="16" sl="92" sc="50" el="92" ec="50" bec="0" bev="0" fileid="13" />
                <SequencePoint vc="0" uspid="1828" ordinal="0" offset="17" sl="93" sc="13" el="93" ec="13" bec="0" bev="0" fileid="13" />
                <SequencePoint vc="0" uspid="1829" ordinal="0" offset="56" sl="94" sc="13" el="94" ec="13" bec="0" bev="0" fileid="13" />
                <SequencePoint vc="0" uspid="1830" ordinal="0" offset="98" sl="95" sc="9" el="95" ec="9" bec="0" bev="0" fileid="13" />
                <SequencePoint vc="0" uspid="1831" ordinal="0" offset="99" sl="92" sc="45" el="92" ec="45" bec="0" bev="0" fileid="13" />
                <SequencePoint vc="2" uspid="1832" ordinal="0" offset="103" sl="92" sc="25" el="92" ec="25" bec="0" bev="0" fileid="13" />
                <SequencePoint vc="2" uspid="1833" ordinal="0" offset="116" sl="96" sc="9" el="96" ec="9" bec="0" bev="0" fileid="13" />
                <SequencePoint vc="2" uspid="1834" ordinal="0" offset="139" sl="97" sc="9" el="97" ec="9" bec="0" bev="0" fileid="13" />
                <SequencePoint vc="2" uspid="1835" ordinal="0" offset="162" sl="98" sc="5" el="98" ec="5" bec="0" bev="0" fileid="13" />
              </SequencePoints>
              <BranchPoints />
            </Method>
            <Method visited="true" cyclomaticComplexity="1" nPathComplexity="0" sequenceCoverage="100.0" branchCoverage="0" crapScore="1" isConstructor="true" isStatic="true" isGetter="false" isSetter="false">
              <Summary numSequencePoints="2" visitedSequencePoints="2" numBranchPoints="0" visitedBranchPoints="0" sequenceCoverage="100.0" branchCoverage="0" maxCyclomaticComplexity="1" minCyclomaticComplexity="1" maxCrapScore="1" minCrapScore="1" visitedClasses="0" numClasses="0" visitedMethods="1" numMethods="1" />
              <MetadataToken>100663382</MetadataToken>
              <Name>static InventoryManager::InventoryManager()</Name>
              <FileRef uid="13" />
              <SequencePoints>
                <SequencePoint vc="1" uspid="1839" ordinal="0" offset="0" sl="18" sc="5" el="18" ec="5" bec="0" bev="0" fileid="13" />
                <SequencePoint vc="1" uspid="1840" ordinal="0" offset="10" sl="19" sc="5" el="19" ec="5" bec="0" bev="0" fileid="13" />
              </SequencePoints>
              <BranchPoints />
            </Method>
          </Methods>
        </Class>
        <Class>
          <Summary numSequencePoints="25" visitedSequencePoints="22" numBranchPoints="0" visitedBranchPoints="0" sequenceCoverage="88.00" branchCoverage="0.0" maxCyclomaticComplexity="3" minCyclomaticComplexity="1" maxCrapScore="3.24" minCrapScore="1" visitedClasses="1" numClasses="1" visitedMethods="3" numMethods="3" />
          <FullName>InventorySelection</FullName>
          <Methods>
            <Method visited="true" cyclomaticComplexity="1" nPathComplexity="0" sequenceCoverage="100.0" branchCoverage="0" crapScore="1" isConstructor="false" isStatic="false" isGetter="false" isSetter="false">
              <Summary numSequencePoints="13" visitedSequencePoints="13" numBranchPoints="0" visitedBranchPoints="0" sequenceCoverage="100.0" branchCoverage="0" maxCyclomaticComplexity="1" minCyclomaticComplexity="1" maxCrapScore="1" minCrapScore="1" visitedClasses="0" numClasses="0" visitedMethods="1" numMethods="1" />
              <MetadataToken>100663383</MetadataToken>
              <Name>System.Void InventorySelection::Start()</Name>
              <FileRef uid="14" />
              <SequencePoints>
                <SequencePoint vc="35" uspid="1841" ordinal="0" offset="0" sl="23" sc="5" el="23" ec="5" bec="0" bev="0" fileid="14" />
                <SequencePoint vc="35" uspid="1842" ordinal="0" offset="1" sl="25" sc="9" el="25" ec="9" bec="0" bev="0" fileid="14" />
                <SequencePoint vc="35" uspid="1843" ordinal="0" offset="38" sl="26" sc="9" el="26" ec="9" bec="0" bev="0" fileid="14" />
                <SequencePoint vc="35" uspid="1844" ordinal="0" offset="75" sl="27" sc="9" el="27" ec="9" bec="0" bev="0" fileid="14" />
                <SequencePoint vc="35" uspid="1845" ordinal="0" offset="112" sl="30" sc="9" el="30" ec="9" bec="0" bev="0" fileid="14" />
                <SequencePoint vc="35" uspid="1846" ordinal="0" offset="141" sl="31" sc="9" el="31" ec="9" bec="0" bev="0" fileid="14" />
                <SequencePoint vc="35" uspid="1847" ordinal="0" offset="170" sl="32" sc="9" el="32" ec="9" bec="0" bev="0" fileid="14" />
                <SequencePoint vc="35" uspid="1848" ordinal="0" offset="199" sl="35" sc="9" el="35" ec="9" bec="0" bev="0" fileid="14" />
                <SequencePoint vc="35" uspid="1849" ordinal="0" offset="231" sl="38" sc="9" el="38" ec="9" bec="0" bev="0" fileid="14" />
                <SequencePoint vc="35" uspid="1850" ordinal="0" offset="253" sl="39" sc="9" el="39" ec="9" bec="0" bev="0" fileid="14" />
                <SequencePoint vc="35" uspid="1851" ordinal="0" offset="260" sl="42" sc="9" el="42" ec="9" bec="0" bev="0" fileid="14" />
                <SequencePoint vc="35" uspid="1852" ordinal="0" offset="277" sl="43" sc="9" el="43" ec="9" bec="0" bev="0" fileid="14" />
                <SequencePoint vc="35" uspid="1853" ordinal="0" offset="306" sl="45" sc="5" el="45" ec="5" bec="0" bev="0" fileid="14" />
              </SequencePoints>
              <BranchPoints />
            </Method>
            <Method visited="true" cyclomaticComplexity="3" nPathComplexity="0" sequenceCoverage="70.00" branchCoverage="0" crapScore="3.24" isConstructor="false" isStatic="false" isGetter="false" isSetter="false">
              <Summary numSequencePoints="10" visitedSequencePoints="7" numBranchPoints="0" visitedBranchPoints="0" sequenceCoverage="70.00" branchCoverage="0" maxCyclomaticComplexity="3" minCyclomaticComplexity="3" maxCrapScore="3.24" minCrapScore="3.24" visitedClasses="0" numClasses="0" visitedMethods="1" numMethods="1" />
              <MetadataToken>100663386</MetadataToken>
              <Name>System.Void InventorySelection::Update()</Name>
              <FileRef uid="14" />
              <SequencePoints>
                <SequencePoint vc="10625" uspid="1868" ordinal="0" offset="0" sl="65" sc="18" el="65" ec="18" bec="0" bev="0" fileid="14" />
                <SequencePoint vc="10625" uspid="1869" ordinal="0" offset="1" sl="66" sc="9" el="66" ec="9" bec="0" bev="0" fileid="14" />
                <SequencePoint vc="10625" uspid="1870" ordinal="0" offset="18" sl="66" sc="47" el="66" ec="47" bec="0" bev="0" fileid="14" />
                <SequencePoint vc="10625" uspid="1871" ordinal="0" offset="19" sl="67" sc="13" el="67" ec="13" bec="0" bev="0" fileid="14" />
                <SequencePoint vc="10625" uspid="1872" ordinal="0" offset="26" sl="68" sc="9" el="68" ec="9" bec="0" bev="0" fileid="14" />
                <SequencePoint vc="10625" uspid="1873" ordinal="0" offset="27" sl="69" sc="9" el="69" ec="9" bec="0" bev="0" fileid="14" />
                <SequencePoint vc="0" uspid="1874" ordinal="0" offset="41" sl="70" sc="9" el="70" ec="9" bec="0" bev="0" fileid="14" />
                <SequencePoint vc="0" uspid="1875" ordinal="0" offset="42" sl="71" sc="13" el="71" ec="13" bec="0" bev="0" fileid="14" />
                <SequencePoint vc="0" uspid="1876" ordinal="0" offset="49" sl="72" sc="9" el="72" ec="9" bec="0" bev="0" fileid="14" />
                <SequencePoint vc="10625" uspid="1877" ordinal="0" offset="50" sl="73" sc="5" el="73" ec="5" bec="0" bev="0" fileid="14" />
              </SequencePoints>
              <BranchPoints />
            </Method>
            <Method visited="true" cyclomaticComplexity="1" nPathComplexity="0" sequenceCoverage="100.0" branchCoverage="0" crapScore="1" isConstructor="true" isStatic="false" isGetter="false" isSetter="false">
              <Summary numSequencePoints="2" visitedSequencePoints="2" numBranchPoints="0" visitedBranchPoints="0" sequenceCoverage="100.0" branchCoverage="0" maxCyclomaticComplexity="1" minCyclomaticComplexity="1" maxCrapScore="1" minCrapScore="1" visitedClasses="0" numClasses="0" visitedMethods="1" numMethods="1" />
              <MetadataToken>100663389</MetadataToken>
              <Name>InventorySelection::InventorySelection()</Name>
              <FileRef uid="14" />
              <SequencePoints>
                <SequencePoint vc="35" uspid="1911" ordinal="0" offset="0" sl="17" sc="5" el="17" ec="5" bec="0" bev="0" fileid="14" />
                <SequencePoint vc="35" uspid="1912" ordinal="0" offset="8" sl="64" sc="5" el="64" ec="5" bec="0" bev="0" fileid="14" />
              </SequencePoints>
              <BranchPoints />
            </Method>
          </Methods>
        </Class>
        <Class>
          <Summary numSequencePoints="46" visitedSequencePoints="46" numBranchPoints="0" visitedBranchPoints="0" sequenceCoverage="100.0" branchCoverage="0.0" maxCyclomaticComplexity="3" minCyclomaticComplexity="1" maxCrapScore="3" minCrapScore="1" visitedClasses="1" numClasses="1" visitedMethods="8" numMethods="8" />
          <FullName>Stash</FullName>
          <Methods>
            <Method visited="true" cyclomaticComplexity="1" nPathComplexity="0" sequenceCoverage="100.0" branchCoverage="0" crapScore="1" isConstructor="false" isStatic="false" isGetter="false" isSetter="false">
              <Summary numSequencePoints="6" visitedSequencePoints="6" numBranchPoints="0" visitedBranchPoints="0" sequenceCoverage="100.0" branchCoverage="0" maxCyclomaticComplexity="1" minCyclomaticComplexity="1" maxCrapScore="1" minCrapScore="1" visitedClasses="0" numClasses="0" visitedMethods="1" numMethods="1" />
              <MetadataToken>100663406</MetadataToken>
              <Name>System.Void Stash::Start()</Name>
              <FileRef uid="17" />
              <SequencePoints>
                <SequencePoint vc="7" uspid="1992" ordinal="0" offset="0" sl="15" sc="5" el="15" ec="5" bec="0" bev="0" fileid="17" />
                <SequencePoint vc="7" uspid="1993" ordinal="0" offset="1" sl="16" sc="9" el="16" ec="9" bec="0" bev="0" fileid="17" />
                <SequencePoint vc="7" uspid="1994" ordinal="0" offset="12" sl="18" sc="9" el="18" ec="9" bec="0" bev="0" fileid="17" />
                <SequencePoint vc="7" uspid="1995" ordinal="0" offset="46" sl="20" sc="9" el="20" ec="9" bec="0" bev="0" fileid="17" />
                <SequencePoint vc="7" uspid="1996" ordinal="0" offset="95" sl="21" sc="9" el="21" ec="9" bec="0" bev="0" fileid="17" />
                <SequencePoint vc="7" uspid="1997" ordinal="0" offset="144" sl="22" sc="5" el="22" ec="5" bec="0" bev="0" fileid="17" />
              </SequencePoints>
              <BranchPoints />
            </Method>
            <Method visited="true" cyclomaticComplexity="3" nPathComplexity="0" sequenceCoverage="100.0" branchCoverage="0" crapScore="3" isConstructor="false" isStatic="false" isGetter="false" isSetter="false">
              <Summary numSequencePoints="7" visitedSequencePoints="7" numBranchPoints="0" visitedBranchPoints="0" sequenceCoverage="100.0" branchCoverage="0" maxCyclomaticComplexity="3" minCyclomaticComplexity="3" maxCrapScore="3" minCrapScore="3" visitedClasses="0" numClasses="0" visitedMethods="1" numMethods="1" />
              <MetadataToken>100663407</MetadataToken>
              <Name>System.Void Stash::HandtoStash()</Name>
              <FileRef uid="17" />
              <SequencePoints>
                <SequencePoint vc="3" uspid="1998" ordinal="0" offset="0" sl="28" sc="31" el="28" ec="31" bec="0" bev="0" fileid="17" />
                <SequencePoint vc="3" uspid="1999" ordinal="0" offset="1" sl="29" sc="9" el="29" ec="9" bec="0" bev="0" fileid="17" />
                <SequencePoint vc="3" uspid="2000" ordinal="0" offset="18" sl="30" sc="9" el="30" ec="9" bec="0" bev="0" fileid="17" />
                <SequencePoint vc="3" uspid="2001" ordinal="0" offset="37" sl="30" sc="45" el="30" ec="45" bec="0" bev="0" fileid="17" />
                <SequencePoint vc="3" uspid="2002" ordinal="0" offset="38" sl="31" sc="13" el="31" ec="13" bec="0" bev="0" fileid="17" />
                <SequencePoint vc="3" uspid="2003" ordinal="0" offset="56" sl="32" sc="9" el="32" ec="9" bec="0" bev="0" fileid="17" />
                <SequencePoint vc="3" uspid="2004" ordinal="0" offset="57" sl="33" sc="5" el="33" ec="5" bec="0" bev="0" fileid="17" />
              </SequencePoints>
              <BranchPoints />
            </Method>
            <Method visited="true" cyclomaticComplexity="2" nPathComplexity="0" sequenceCoverage="100.0" branchCoverage="0" crapScore="2" isConstructor="false" isStatic="false" isGetter="false" isSetter="false">
              <Summary numSequencePoints="11" visitedSequencePoints="11" numBranchPoints="0" visitedBranchPoints="0" sequenceCoverage="100.0" branchCoverage="0" maxCyclomaticComplexity="2" minCyclomaticComplexity="2" maxCrapScore="2" minCrapScore="2" visitedClasses="0" numClasses="0" visitedMethods="1" numMethods="1" />
              <MetadataToken>100663408</MetadataToken>
              <Name>System.Void Stash::StashtoInventory()</Name>
              <FileRef uid="17" />
              <SequencePoints>
                <SequencePoint vc="2" uspid="2005" ordinal="0" offset="0" sl="39" sc="35" el="39" ec="35" bec="0" bev="0" fileid="17" />
                <SequencePoint vc="2" uspid="2006" ordinal="0" offset="1" sl="40" sc="9" el="40" ec="9" bec="0" bev="0" fileid="17" />
                <SequencePoint vc="2" uspid="2007" ordinal="0" offset="13" sl="41" sc="9" el="41" ec="9" bec="0" bev="0" fileid="17" />
                <SequencePoint vc="2" uspid="2008" ordinal="0" offset="14" sl="41" sc="31" el="41" ec="31" bec="0" bev="0" fileid="17" />
                <SequencePoint vc="2" uspid="2009" ordinal="0" offset="28" sl="41" sc="18" el="41" ec="18" bec="0" bev="0" fileid="17" />
                <SequencePoint vc="2" uspid="2010" ordinal="0" offset="36" sl="41" sc="45" el="41" ec="45" bec="0" bev="0" fileid="17" />
                <SequencePoint vc="2" uspid="2011" ordinal="0" offset="37" sl="42" sc="13" el="42" ec="13" bec="0" bev="0" fileid="17" />
                <SequencePoint vc="2" uspid="2012" ordinal="0" offset="45" sl="43" sc="9" el="43" ec="9" bec="0" bev="0" fileid="17" />
                <SequencePoint vc="4" uspid="2013" ordinal="0" offset="46" sl="41" sc="28" el="41" ec="28" bec="0" bev="0" fileid="17" />
                <SequencePoint vc="2" uspid="2014" ordinal="0" offset="72" sl="44" sc="9" el="44" ec="9" bec="0" bev="0" fileid="17" />
                <SequencePoint vc="2" uspid="2015" ordinal="0" offset="84" sl="45" sc="5" el="45" ec="5" bec="0" bev="0" fileid="17" />
              </SequencePoints>
              <BranchPoints />
            </Method>
            <Method visited="true" cyclomaticComplexity="2" nPathComplexity="0" sequenceCoverage="100.0" branchCoverage="0" crapScore="2" isConstructor="false" isStatic="false" isGetter="false" isSetter="false">
              <Summary numSequencePoints="6" visitedSequencePoints="6" numBranchPoints="0" visitedBranchPoints="0" sequenceCoverage="100.0" branchCoverage="0" maxCyclomaticComplexity="2" minCyclomaticComplexity="2" maxCrapScore="2" minCrapScore="2" visitedClasses="0" numClasses="0" visitedMethods="1" numMethods="1" />
              <MetadataToken>100663409</MetadataToken>
              <Name>System.Void Stash::Cancel()</Name>
              <FileRef uid="17" />
              <SequencePoints>
                <SequencePoint vc="1" uspid="2016" ordinal="0" offset="0" sl="50" sc="26" el="50" ec="26" bec="0" bev="0" fileid="17" />
                <SequencePoint vc="1" uspid="2017" ordinal="0" offset="1" sl="52" sc="9" el="52" ec="9" bec="0" bev="0" fileid="17" />
                <SequencePoint vc="1" uspid="2018" ordinal="0" offset="8" sl="53" sc="9" el="53" ec="9" bec="0" bev="0" fileid="17" />
                <SequencePoint vc="1" uspid="2019" ordinal="0" offset="26" sl="53" sc="37" el="53" ec="37" bec="0" bev="0" fileid="17" />
                <SequencePoint vc="1" uspid="2020" ordinal="0" offset="27" sl="55" sc="9" el="55" ec="9" bec="0" bev="0" fileid="17" />
                <SequencePoint vc="1" uspid="2021" ordinal="0" offset="28" sl="56" sc="5" el="56" ec="5" bec="0" bev="0" fileid="17" />
              </SequencePoints>
              <BranchPoints />
            </Method>
            <Method visited="true" cyclomaticComplexity="2" nPathComplexity="0" sequenceCoverage="100.0" branchCoverage="0" crapScore="2" isConstructor="false" isStatic="false" isGetter="false" isSetter="false">
              <Summary numSequencePoints="9" visitedSequencePoints="9" numBranchPoints="0" visitedBranchPoints="0" sequenceCoverage="100.0" branchCoverage="0" maxCyclomaticComplexity="2" minCyclomaticComplexity="2" maxCrapScore="2" minCrapScore="2" visitedClasses="0" numClasses="0" visitedMethods="1" numMethods="1" />
              <MetadataToken>100663411</MetadataToken>
              <Name>System.Void Stash::Activate(System.Boolean)</Name>
              <FileRef uid="17" />
              <SequencePoints>
                <SequencePoint vc="2" uspid="2024" ordinal="0" offset="0" sl="68" sc="41" el="68" ec="41" bec="0" bev="0" fileid="17" />
                <SequencePoint vc="2" uspid="2025" ordinal="0" offset="1" sl="69" sc="9" el="69" ec="9" bec="0" bev="0" fileid="17" />
                <SequencePoint vc="1" uspid="2026" ordinal="0" offset="6" sl="69" sc="23" el="69" ec="23" bec="0" bev="0" fileid="17" />
                <SequencePoint vc="1" uspid="2027" ordinal="0" offset="7" sl="70" sc="13" el="70" ec="13" bec="0" bev="0" fileid="17" />
                <SequencePoint vc="1" uspid="2028" ordinal="0" offset="20" sl="71" sc="9" el="71" ec="9" bec="0" bev="0" fileid="17" />
                <SequencePoint vc="1" uspid="2029" ordinal="0" offset="23" sl="72" sc="13" el="72" ec="13" bec="0" bev="0" fileid="17" />
                <SequencePoint vc="1" uspid="2030" ordinal="0" offset="24" sl="73" sc="13" el="73" ec="13" bec="0" bev="0" fileid="17" />
                <SequencePoint vc="1" uspid="2031" ordinal="0" offset="37" sl="74" sc="9" el="74" ec="9" bec="0" bev="0" fileid="17" />
                <SequencePoint vc="2" uspid="2032" ordinal="0" offset="38" sl="75" sc="5" el="75" ec="5" bec="0" bev="0" fileid="17" />
              </SequencePoints>
              <BranchPoints />
            </Method>
            <Method visited="true" cyclomaticComplexity="1" nPathComplexity="0" sequenceCoverage="100.0" branchCoverage="0" crapScore="1" isConstructor="false" isStatic="false" isGetter="false" isSetter="false">
              <Summary numSequencePoints="3" visitedSequencePoints="3" numBranchPoints="0" visitedBranchPoints="0" sequenceCoverage="100.0" branchCoverage="0" maxCyclomaticComplexity="1" minCyclomaticComplexity="1" maxCrapScore="1" minCrapScore="1" visitedClasses="0" numClasses="0" visitedMethods="1" numMethods="1" />
              <MetadataToken>100663412</MetadataToken>
              <Name>System.Int32 Stash::GetStashSize()</Name>
              <FileRef uid="17" />
              <SequencePoints>
                <SequencePoint vc="2" uspid="2033" ordinal="0" offset="0" sl="77" sc="31" el="77" ec="31" bec="0" bev="0" fileid="17" />
                <SequencePoint vc="2" uspid="2034" ordinal="0" offset="1" sl="78" sc="9" el="78" ec="9" bec="0" bev="0" fileid="17" />
                <SequencePoint vc="2" uspid="2035" ordinal="0" offset="15" sl="79" sc="5" el="79" ec="5" bec="0" bev="0" fileid="17" />
              </SequencePoints>
              <BranchPoints />
            </Method>
            <Method visited="true" cyclomaticComplexity="1" nPathComplexity="0" sequenceCoverage="100.0" branchCoverage="0" crapScore="1" isConstructor="false" isStatic="false" isGetter="false" isSetter="false">
              <Summary numSequencePoints="3" visitedSequencePoints="3" numBranchPoints="0" visitedBranchPoints="0" sequenceCoverage="100.0" branchCoverage="0" maxCyclomaticComplexity="1" minCyclomaticComplexity="1" maxCrapScore="1" minCrapScore="1" visitedClasses="0" numClasses="0" visitedMethods="1" numMethods="1" />
              <MetadataToken>100663413</MetadataToken>
              <Name>System.Void Stash::Clear()</Name>
              <FileRef uid="17" />
              <SequencePoints>
                <SequencePoint vc="1" uspid="2036" ordinal="0" offset="0" sl="81" sc="24" el="81" ec="24" bec="0" bev="0" fileid="17" />
                <SequencePoint vc="1" uspid="2037" ordinal="0" offset="1" sl="82" sc="9" el="82" ec="9" bec="0" bev="0" fileid="17" />
                <SequencePoint vc="1" uspid="2038" ordinal="0" offset="13" sl="83" sc="5" el="83" ec="5" bec="0" bev="0" fileid="17" />
              </SequencePoints>
              <BranchPoints />
            </Method>
            <Method visited="true" cyclomaticComplexity="1" nPathComplexity="0" sequenceCoverage="100.0" branchCoverage="0" crapScore="1" isConstructor="true" isStatic="false" isGetter="false" isSetter="false">
              <Summary numSequencePoints="1" visitedSequencePoints="1" numBranchPoints="0" visitedBranchPoints="0" sequenceCoverage="100.0" branchCoverage="0" maxCyclomaticComplexity="1" minCyclomaticComplexity="1" maxCrapScore="1" minCrapScore="1" visitedClasses="0" numClasses="0" visitedMethods="1" numMethods="1" />
              <MetadataToken>100663414</MetadataToken>
              <Name>Stash::Stash()</Name>
              <FileRef uid="17" />
              <SequencePoints>
                <SequencePoint vc="7" uspid="2039" ordinal="0" offset="0" sl="10" sc="5" el="10" ec="5" bec="0" bev="0" fileid="17" />
              </SequencePoints>
              <BranchPoints />
            </Method>
          </Methods>
        </Class>
        <Class>
          <Summary numSequencePoints="14" visitedSequencePoints="14" numBranchPoints="0" visitedBranchPoints="0" sequenceCoverage="100.0" branchCoverage="0.0" maxCyclomaticComplexity="1" minCyclomaticComplexity="1" maxCrapScore="1" minCrapScore="1" visitedClasses="1" numClasses="1" visitedMethods="4" numMethods="4" />
          <FullName>Hand</FullName>
          <Methods>
            <Method visited="true" cyclomaticComplexity="1" nPathComplexity="0" sequenceCoverage="100.0" branchCoverage="0" crapScore="1" isConstructor="false" isStatic="false" isGetter="false" isSetter="false">
              <Summary numSequencePoints="3" visitedSequencePoints="3" numBranchPoints="0" visitedBranchPoints="0" sequenceCoverage="100.0" branchCoverage="0" maxCyclomaticComplexity="1" minCyclomaticComplexity="1" maxCrapScore="1" minCrapScore="1" visitedClasses="0" numClasses="0" visitedMethods="1" numMethods="1" />
              <MetadataToken>100663416</MetadataToken>
              <Name>System.Collections.Generic.List[Card] Hand::GetHandCards()</Name>
              <FileRef uid="18" />
              <SequencePoints>
                <SequencePoint vc="3" uspid="2040" ordinal="0" offset="0" sl="17" sc="38" el="17" ec="38" bec="0" bev="0" fileid="18" />
                <SequencePoint vc="3" uspid="2041" ordinal="0" offset="1" sl="18" sc="9" el="18" ec="9" bec="0" bev="0" fileid="18" />
                <SequencePoint vc="3" uspid="2042" ordinal="0" offset="10" sl="19" sc="5" el="19" ec="5" bec="0" bev="0" fileid="18" />
              </SequencePoints>
              <BranchPoints />
            </Method>
            <Method visited="true" cyclomaticComplexity="1" nPathComplexity="0" sequenceCoverage="100.0" branchCoverage="0" crapScore="1" isConstructor="false" isStatic="false" isGetter="false" isSetter="false">
              <Summary numSequencePoints="4" visitedSequencePoints="4" numBranchPoints="0" visitedBranchPoints="0" sequenceCoverage="100.0" branchCoverage="0" maxCyclomaticComplexity="1" minCyclomaticComplexity="1" maxCrapScore="1" minCrapScore="1" visitedClasses="0" numClasses="0" visitedMethods="1" numMethods="1" />
              <MetadataToken>100663417</MetadataToken>
              <Name>System.Void Hand::AddCardtoHand(Card)</Name>
              <FileRef uid="18" />
              <SequencePoints>
                <SequencePoint vc="3" uspid="2043" ordinal="0" offset="0" sl="22" sc="42" el="22" ec="42" bec="0" bev="0" fileid="18" />
                <SequencePoint vc="3" uspid="2044" ordinal="0" offset="1" sl="23" sc="9" el="23" ec="9" bec="0" bev="0" fileid="18" />
                <SequencePoint vc="3" uspid="2045" ordinal="0" offset="14" sl="24" sc="9" el="24" ec="9" bec="0" bev="0" fileid="18" />
                <SequencePoint vc="3" uspid="2046" ordinal="0" offset="54" sl="25" sc="5" el="25" ec="5" bec="0" bev="0" fileid="18" />
              </SequencePoints>
              <BranchPoints />
            </Method>
            <Method visited="true" cyclomaticComplexity="1" nPathComplexity="0" sequenceCoverage="100.0" branchCoverage="0" crapScore="1" isConstructor="false" isStatic="false" isGetter="false" isSetter="false">
              <Summary numSequencePoints="3" visitedSequencePoints="3" numBranchPoints="0" visitedBranchPoints="0" sequenceCoverage="100.0" branchCoverage="0" maxCyclomaticComplexity="1" minCyclomaticComplexity="1" maxCrapScore="1" minCrapScore="1" visitedClasses="0" numClasses="0" visitedMethods="1" numMethods="1" />
              <MetadataToken>100663420</MetadataToken>
              <Name>System.Boolean Hand::IsEmpty()</Name>
              <FileRef uid="18" />
              <SequencePoints>
                <SequencePoint vc="3" uspid="2065" ordinal="0" offset="0" sl="45" sc="27" el="45" ec="27" bec="0" bev="0" fileid="18" />
                <SequencePoint vc="3" uspid="2066" ordinal="0" offset="1" sl="46" sc="9" el="46" ec="9" bec="0" bev="0" fileid="18" />
                <SequencePoint vc="3" uspid="2067" ordinal="0" offset="18" sl="47" sc="5" el="47" ec="5" bec="0" bev="0" fileid="18" />
              </SequencePoints>
              <BranchPoints />
            </Method>
            <Method visited="true" cyclomaticComplexity="1" nPathComplexity="0" sequenceCoverage="100.0" branchCoverage="0" crapScore="1" isConstructor="true" isStatic="false" isGetter="false" isSetter="false">
              <Summary numSequencePoints="4" visitedSequencePoints="4" numBranchPoints="0" visitedBranchPoints="0" sequenceCoverage="100.0" branchCoverage="0" maxCyclomaticComplexity="1" minCyclomaticComplexity="1" maxCrapScore="1" minCrapScore="1" visitedClasses="0" numClasses="0" visitedMethods="1" numMethods="1" />
              <MetadataToken>100663415</MetadataToken>
              <Name>Hand::Hand()</Name>
              <FileRef uid="18" />
              <SequencePoints>
                <SequencePoint vc="14" uspid="2068" ordinal="0" offset="0" sl="12" sc="5" el="12" ec="5" bec="0" bev="0" fileid="18" />
                <SequencePoint vc="14" uspid="2069" ordinal="0" offset="7" sl="12" sc="19" el="12" ec="19" bec="0" bev="0" fileid="18" />
                <SequencePoint vc="14" uspid="2070" ordinal="0" offset="8" sl="13" sc="9" el="13" ec="9" bec="0" bev="0" fileid="18" />
                <SequencePoint vc="14" uspid="2071" ordinal="0" offset="19" sl="14" sc="5" el="14" ec="5" bec="0" bev="0" fileid="18" />
              </SequencePoints>
              <BranchPoints />
            </Method>
          </Methods>
        </Class>
        <Class>
          <Summary numSequencePoints="84" visitedSequencePoints="50" numBranchPoints="0" visitedBranchPoints="0" sequenceCoverage="59.52" branchCoverage="0.0" maxCyclomaticComplexity="12" minCyclomaticComplexity="1" maxCrapScore="72.75" minCrapScore="1" visitedClasses="1" numClasses="1" visitedMethods="8" numMethods="8" />
          <FullName>Inventory</FullName>
          <Methods>
            <Method visited="true" cyclomaticComplexity="12" nPathComplexity="0" sequenceCoverage="25.00" branchCoverage="0" crapScore="72.75" isConstructor="false" isStatic="false" isGetter="false" isSetter="false">
              <Summary numSequencePoints="32" visitedSequencePoints="8" numBranchPoints="0" visitedBranchPoints="0" sequenceCoverage="25.00" branchCoverage="0" maxCyclomaticComplexity="12" minCyclomaticComplexity="12" maxCrapScore="72.75" minCrapScore="72.75" visitedClasses="0" numClasses="0" visitedMethods="1" numMethods="1" />
              <MetadataToken>100663422</MetadataToken>
              <Name>System.Void Inventory::AddToCardToStack(Card)</Name>
              <FileRef uid="19" />
              <SequencePoints>
                <SequencePoint vc="2" uspid="2072" ordinal="0" offset="0" sl="22" sc="5" el="22" ec="5" bec="0" bev="0" fileid="19" />
                <SequencePoint vc="2" uspid="2073" ordinal="0" offset="1" sl="24" sc="9" el="24" ec="9" bec="0" bev="0" fileid="19" />
                <SequencePoint vc="2" uspid="2074" ordinal="0" offset="18" sl="25" sc="9" el="25" ec="9" bec="0" bev="0" fileid="19" />
                <SequencePoint vc="2" uspid="2075" ordinal="0" offset="19" sl="26" sc="13" el="26" ec="13" bec="0" bev="0" fileid="19" />
                <SequencePoint vc="2" uspid="2076" ordinal="0" offset="38" sl="27" sc="13" el="27" ec="13" bec="0" bev="0" fileid="19" />
                <SequencePoint vc="2" uspid="2077" ordinal="0" offset="85" sl="28" sc="13" el="28" ec="13" bec="0" bev="0" fileid="19" />
                <SequencePoint vc="2" uspid="2078" ordinal="0" offset="120" sl="29" sc="9" el="29" ec="9" bec="0" bev="0" fileid="19" />
                <SequencePoint vc="0" uspid="2079" ordinal="0" offset="126" sl="32" sc="9" el="32" ec="9" bec="0" bev="0" fileid="19" />
                <SequencePoint vc="0" uspid="2080" ordinal="0" offset="127" sl="34" sc="13" el="34" ec="13" bec="0" bev="0" fileid="19" />
                <SequencePoint vc="0" uspid="2081" ordinal="0" offset="129" sl="35" sc="18" el="35" ec="18" bec="0" bev="0" fileid="19" />
                <SequencePoint vc="0" uspid="2082" ordinal="0" offset="133" sl="36" sc="13" el="36" ec="13" bec="0" bev="0" fileid="19" />
                <SequencePoint vc="0" uspid="2083" ordinal="0" offset="134" sl="37" sc="17" el="37" ec="17" bec="0" bev="0" fileid="19" />
                <SequencePoint vc="0" uspid="2084" ordinal="0" offset="159" sl="38" sc="17" el="38" ec="17" bec="0" bev="0" fileid="19" />
                <SequencePoint vc="0" uspid="2085" ordinal="0" offset="160" sl="39" sc="21" el="39" ec="21" bec="0" bev="0" fileid="19" />
                <SequencePoint vc="0" uspid="2086" ordinal="0" offset="183" sl="40" sc="21" el="40" ec="21" bec="0" bev="0" fileid="19" />
                <SequencePoint vc="0" uspid="2087" ordinal="0" offset="184" sl="41" sc="25" el="41" ec="25" bec="0" bev="0" fileid="19" />
                <SequencePoint vc="0" uspid="2088" ordinal="0" offset="186" sl="42" sc="25" el="42" ec="25" bec="0" bev="0" fileid="19" />
                <SequencePoint vc="0" uspid="2089" ordinal="0" offset="236" sl="43" sc="21" el="43" ec="21" bec="0" bev="0" fileid="19" />
                <SequencePoint vc="0" uspid="2090" ordinal="0" offset="237" sl="44" sc="17" el="44" ec="17" bec="0" bev="0" fileid="19" />
                <SequencePoint vc="0" uspid="2091" ordinal="0" offset="238" sl="45" sc="13" el="45" ec="13" bec="0" bev="0" fileid="19" />
                <SequencePoint vc="0" uspid="2092" ordinal="0" offset="239" sl="35" sc="51" el="35" ec="51" bec="0" bev="0" fileid="19" />
                <SequencePoint vc="0" uspid="2093" ordinal="0" offset="243" sl="35" sc="29" el="35" ec="29" bec="0" bev="0" fileid="19" />
                <SequencePoint vc="0" uspid="2094" ordinal="0" offset="265" sl="48" sc="13" el="48" ec="13" bec="0" bev="0" fileid="19" />
                <SequencePoint vc="0" uspid="2095" ordinal="0" offset="293" sl="49" sc="13" el="49" ec="13" bec="0" bev="0" fileid="19" />
                <SequencePoint vc="0" uspid="2096" ordinal="0" offset="294" sl="50" sc="17" el="50" ec="17" bec="0" bev="0" fileid="19" />
                <SequencePoint vc="0" uspid="2097" ordinal="0" offset="313" sl="51" sc="17" el="51" ec="17" bec="0" bev="0" fileid="19" />
                <SequencePoint vc="0" uspid="2098" ordinal="0" offset="382" sl="52" sc="17" el="52" ec="17" bec="0" bev="0" fileid="19" />
                <SequencePoint vc="0" uspid="2099" ordinal="0" offset="454" sl="53" sc="13" el="53" ec="13" bec="0" bev="0" fileid="19" />
                <SequencePoint vc="0" uspid="2100" ordinal="0" offset="457" sl="55" sc="13" el="55" ec="13" bec="0" bev="0" fileid="19" />
                <SequencePoint vc="0" uspid="2101" ordinal="0" offset="458" sl="57" sc="13" el="57" ec="13" bec="0" bev="0" fileid="19" />
                <SequencePoint vc="0" uspid="2102" ordinal="0" offset="459" sl="58" sc="9" el="58" ec="9" bec="0" bev="0" fileid="19" />
                <SequencePoint vc="2" uspid="2103" ordinal="0" offset="460" sl="59" sc="5" el="59" ec="5" bec="0" bev="0" fileid="19" />
              </SequencePoints>
              <BranchPoints />
            </Method>
            <Method visited="true" cyclomaticComplexity="6" nPathComplexity="0" sequenceCoverage="80.00" branchCoverage="0" crapScore="6.29" isConstructor="false" isStatic="false" isGetter="false" isSetter="false">
              <Summary numSequencePoints="25" visitedSequencePoints="20" numBranchPoints="0" visitedBranchPoints="0" sequenceCoverage="80.00" branchCoverage="0" maxCyclomaticComplexity="6" minCyclomaticComplexity="6" maxCrapScore="6.29" minCrapScore="6.29" visitedClasses="0" numClasses="0" visitedMethods="1" numMethods="1" />
              <MetadataToken>100663423</MetadataToken>
              <Name>System.Void Inventory::RemoveCardFromStack(Card)</Name>
              <FileRef uid="19" />
              <SequencePoints>
                <SequencePoint vc="2" uspid="2104" ordinal="0" offset="0" sl="65" sc="5" el="65" ec="5" bec="0" bev="0" fileid="19" />
                <SequencePoint vc="2" uspid="2105" ordinal="0" offset="1" sl="66" sc="9" el="66" ec="9" bec="0" bev="0" fileid="19" />
                <SequencePoint vc="2" uspid="2106" ordinal="0" offset="3" sl="68" sc="9" el="68" ec="9" bec="0" bev="0" fileid="19" />
                <SequencePoint vc="2" uspid="2107" ordinal="0" offset="20" sl="69" sc="13" el="69" ec="13" bec="0" bev="0" fileid="19" />
                <SequencePoint vc="2" uspid="2108" ordinal="0" offset="32" sl="70" sc="9" el="70" ec="9" bec="0" bev="0" fileid="19" />
                <SequencePoint vc="2" uspid="2109" ordinal="0" offset="34" sl="71" sc="9" el="71" ec="9" bec="0" bev="0" fileid="19" />
                <SequencePoint vc="2" uspid="2110" ordinal="0" offset="42" sl="72" sc="9" el="72" ec="9" bec="0" bev="0" fileid="19" />
                <SequencePoint vc="2" uspid="2111" ordinal="0" offset="43" sl="74" sc="13" el="74" ec="13" bec="0" bev="0" fileid="19" />
                <SequencePoint vc="2" uspid="2112" ordinal="0" offset="44" sl="74" sc="44" el="74" ec="44" bec="0" bev="0" fileid="19" />
                <SequencePoint vc="2" uspid="2113" ordinal="0" offset="58" sl="74" sc="22" el="74" ec="22" bec="0" bev="0" fileid="19" />
                <SequencePoint vc="2" uspid="2114" ordinal="0" offset="67" sl="75" sc="13" el="75" ec="13" bec="0" bev="0" fileid="19" />
                <SequencePoint vc="2" uspid="2115" ordinal="0" offset="68" sl="76" sc="17" el="76" ec="17" bec="0" bev="0" fileid="19" />
                <SequencePoint vc="2" uspid="2116" ordinal="0" offset="97" sl="77" sc="17" el="77" ec="17" bec="0" bev="0" fileid="19" />
                <SequencePoint vc="2" uspid="2117" ordinal="0" offset="98" sl="78" sc="21" el="78" ec="21" bec="0" bev="0" fileid="19" />
                <SequencePoint vc="2" uspid="2118" ordinal="0" offset="101" sl="79" sc="21" el="79" ec="21" bec="0" bev="0" fileid="19" />
                <SequencePoint vc="0" uspid="2119" ordinal="0" offset="103" sl="81" sc="22" el="81" ec="22" bec="0" bev="0" fileid="19" />
                <SequencePoint vc="0" uspid="2120" ordinal="0" offset="104" sl="82" sc="21" el="82" ec="21" bec="0" bev="0" fileid="19" />
                <SequencePoint vc="0" uspid="2121" ordinal="0" offset="106" sl="83" sc="17" el="83" ec="17" bec="0" bev="0" fileid="19" />
                <SequencePoint vc="0" uspid="2122" ordinal="0" offset="107" sl="84" sc="17" el="84" ec="17" bec="0" bev="0" fileid="19" />
                <SequencePoint vc="0" uspid="2123" ordinal="0" offset="111" sl="85" sc="13" el="85" ec="13" bec="0" bev="0" fileid="19" />
                <SequencePoint vc="2" uspid="2124" ordinal="0" offset="112" sl="74" sc="41" el="74" ec="41" bec="0" bev="0" fileid="19" />
                <SequencePoint vc="2" uspid="2125" ordinal="0" offset="138" sl="86" sc="13" el="86" ec="13" bec="0" bev="0" fileid="19" />
                <SequencePoint vc="2" uspid="2126" ordinal="0" offset="148" sl="87" sc="17" el="87" ec="17" bec="0" bev="0" fileid="19" />
                <SequencePoint vc="2" uspid="2127" ordinal="0" offset="157" sl="88" sc="9" el="88" ec="9" bec="0" bev="0" fileid="19" />
                <SequencePoint vc="2" uspid="2128" ordinal="0" offset="158" sl="89" sc="5" el="89" ec="5" bec="0" bev="0" fileid="19" />
              </SequencePoints>
              <BranchPoints />
            </Method>
            <Method visited="true" cyclomaticComplexity="4" nPathComplexity="0" sequenceCoverage="58.33" branchCoverage="0" crapScore="5.16" isConstructor="false" isStatic="false" isGetter="false" isSetter="false">
              <Summary numSequencePoints="12" visitedSequencePoints="7" numBranchPoints="0" visitedBranchPoints="0" sequenceCoverage="58.33" branchCoverage="0" maxCyclomaticComplexity="4" minCyclomaticComplexity="4" maxCrapScore="5.16" minCrapScore="5.16" visitedClasses="0" numClasses="0" visitedMethods="1" numMethods="1" />
              <MetadataToken>100663424</MetadataToken>
              <Name>System.Void Inventory::RemoveCardFromStack(Card, System.Int32)</Name>
              <FileRef uid="19" />
              <SequencePoints>
                <SequencePoint vc="2" uspid="2129" ordinal="0" offset="0" sl="93" sc="5" el="93" ec="5" bec="0" bev="0" fileid="19" />
                <SequencePoint vc="2" uspid="2130" ordinal="0" offset="1" sl="95" sc="9" el="95" ec="9" bec="0" bev="0" fileid="19" />
                <SequencePoint vc="2" uspid="2131" ordinal="0" offset="24" sl="96" sc="9" el="96" ec="9" bec="0" bev="0" fileid="19" />
                <SequencePoint vc="2" uspid="2132" ordinal="0" offset="25" sl="98" sc="13" el="98" ec="13" bec="0" bev="0" fileid="19" />
                <SequencePoint vc="2" uspid="2133" ordinal="0" offset="37" sl="99" sc="13" el="99" ec="13" bec="0" bev="0" fileid="19" />
                <SequencePoint vc="2" uspid="2134" ordinal="0" offset="48" sl="100" sc="9" el="100" ec="9" bec="0" bev="0" fileid="19" />
                <SequencePoint vc="0" uspid="2135" ordinal="0" offset="51" sl="103" sc="9" el="103" ec="9" bec="0" bev="0" fileid="19" />
                <SequencePoint vc="0" uspid="2136" ordinal="0" offset="52" sl="104" sc="13" el="104" ec="13" bec="0" bev="0" fileid="19" />
                <SequencePoint vc="0" uspid="2137" ordinal="0" offset="76" sl="105" sc="17" el="105" ec="17" bec="0" bev="0" fileid="19" />
                <SequencePoint vc="0" uspid="2138" ordinal="0" offset="89" sl="107" sc="17" el="107" ec="17" bec="0" bev="0" fileid="19" />
                <SequencePoint vc="0" uspid="2139" ordinal="0" offset="139" sl="108" sc="9" el="108" ec="9" bec="0" bev="0" fileid="19" />
                <SequencePoint vc="2" uspid="2140" ordinal="0" offset="140" sl="109" sc="5" el="109" ec="5" bec="0" bev="0" fileid="19" />
              </SequencePoints>
              <BranchPoints />
            </Method>
            <Method visited="true" cyclomaticComplexity="1" nPathComplexity="0" sequenceCoverage="100.0" branchCoverage="0" crapScore="1" isConstructor="false" isStatic="false" isGetter="false" isSetter="false">
              <Summary numSequencePoints="3" visitedSequencePoints="3" numBranchPoints="0" visitedBranchPoints="0" sequenceCoverage="100.0" branchCoverage="0" maxCyclomaticComplexity="1" minCyclomaticComplexity="1" maxCrapScore="1" minCrapScore="1" visitedClasses="0" numClasses="0" visitedMethods="1" numMethods="1" />
              <MetadataToken>100663425</MetadataToken>
              <Name>Hand Inventory::GetHand()</Name>
              <FileRef uid="19" />
              <SequencePoints>
                <SequencePoint vc="6" uspid="2141" ordinal="0" offset="0" sl="112" sc="27" el="112" ec="27" bec="0" bev="0" fileid="19" />
                <SequencePoint vc="6" uspid="2142" ordinal="0" offset="1" sl="112" sc="29" el="112" ec="29" bec="0" bev="0" fileid="19" />
                <SequencePoint vc="6" uspid="2143" ordinal="0" offset="10" sl="112" sc="42" el="112" ec="42" bec="0" bev="0" fileid="19" />
              </SequencePoints>
              <BranchPoints />
            </Method>
            <Method visited="true" cyclomaticComplexity="1" nPathComplexity="0" sequenceCoverage="100.0" branchCoverage="0" crapScore="1" isConstructor="false" isStatic="false" isGetter="false" isSetter="false">
              <Summary numSequencePoints="3" visitedSequencePoints="3" numBranchPoints="0" visitedBranchPoints="0" sequenceCoverage="100.0" branchCoverage="0" maxCyclomaticComplexity="1" minCyclomaticComplexity="1" maxCrapScore="1" minCrapScore="1" visitedClasses="0" numClasses="0" visitedMethods="1" numMethods="1" />
              <MetadataToken>100663426</MetadataToken>
              <Name>CardStack Inventory::GetStack(System.Int32)</Name>
              <FileRef uid="19" />
              <SequencePoints>
                <SequencePoint vc="1" uspid="2144" ordinal="0" offset="0" sl="115" sc="42" el="115" ec="42" bec="0" bev="0" fileid="19" />
                <SequencePoint vc="1" uspid="2145" ordinal="0" offset="1" sl="115" sc="44" el="115" ec="44" bec="0" bev="0" fileid="19" />
                <SequencePoint vc="1" uspid="2146" ordinal="0" offset="15" sl="115" sc="70" el="115" ec="70" bec="0" bev="0" fileid="19" />
              </SequencePoints>
              <BranchPoints />
            </Method>
            <Method visited="true" cyclomaticComplexity="1" nPathComplexity="0" sequenceCoverage="100.0" branchCoverage="0" crapScore="1" isConstructor="false" isStatic="false" isGetter="false" isSetter="false">
              <Summary numSequencePoints="3" visitedSequencePoints="3" numBranchPoints="0" visitedBranchPoints="0" sequenceCoverage="100.0" branchCoverage="0" maxCyclomaticComplexity="1" minCyclomaticComplexity="1" maxCrapScore="1" minCrapScore="1" visitedClasses="0" numClasses="0" visitedMethods="1" numMethods="1" />
              <MetadataToken>100663428</MetadataToken>
              <Name>System.Collections.Generic.List[CardStack] Inventory::GetStacks()</Name>
              <FileRef uid="19" />
              <SequencePoints>
                <SequencePoint vc="2" uspid="2150" ordinal="0" offset="0" sl="125" sc="5" el="125" ec="5" bec="0" bev="0" fileid="19" />
                <SequencePoint vc="2" uspid="2151" ordinal="0" offset="1" sl="126" sc="9" el="126" ec="9" bec="0" bev="0" fileid="19" />
                <SequencePoint vc="2" uspid="2152" ordinal="0" offset="9" sl="127" sc="5" el="127" ec="5" bec="0" bev="0" fileid="19" />
              </SequencePoints>
              <BranchPoints />
            </Method>
            <Method visited="true" cyclomaticComplexity="1" nPathComplexity="0" sequenceCoverage="100.0" branchCoverage="0" crapScore="1" isConstructor="true" isStatic="true" isGetter="false" isSetter="false">
              <Summary numSequencePoints="5" visitedSequencePoints="5" numBranchPoints="0" visitedBranchPoints="0" sequenceCoverage="100.0" branchCoverage="0" maxCyclomaticComplexity="1" minCyclomaticComplexity="1" maxCrapScore="1" minCrapScore="1" visitedClasses="0" numClasses="0" visitedMethods="1" numMethods="1" />
              <MetadataToken>100663421</MetadataToken>
              <Name>static Inventory::Inventory()</Name>
              <FileRef uid="19" />
              <SequencePoints>
                <SequencePoint vc="1" uspid="2179" ordinal="0" offset="0" sl="9" sc="5" el="9" ec="5" bec="0" bev="0" fileid="19" />
                <SequencePoint vc="1" uspid="2180" ordinal="0" offset="10" sl="10" sc="5" el="10" ec="5" bec="0" bev="0" fileid="19" />
                <SequencePoint vc="1" uspid="2181" ordinal="0" offset="20" sl="15" sc="23" el="15" ec="23" bec="0" bev="0" fileid="19" />
                <SequencePoint vc="1" uspid="2182" ordinal="0" offset="21" sl="16" sc="9" el="16" ec="9" bec="0" bev="0" fileid="19" />
                <SequencePoint vc="1" uspid="2183" ordinal="0" offset="41" sl="18" sc="5" el="18" ec="5" bec="0" bev="0" fileid="19" />
              </SequencePoints>
              <BranchPoints />
            </Method>
            <Method visited="true" cyclomaticComplexity="1" nPathComplexity="0" sequenceCoverage="100.0" branchCoverage="0" crapScore="1" isConstructor="true" isStatic="false" isGetter="false" isSetter="false">
              <Summary numSequencePoints="1" visitedSequencePoints="1" numBranchPoints="0" visitedBranchPoints="0" sequenceCoverage="100.0" branchCoverage="0" maxCyclomaticComplexity="1" minCyclomaticComplexity="1" maxCrapScore="1" minCrapScore="1" visitedClasses="0" numClasses="0" visitedMethods="1" numMethods="1" />
              <MetadataToken>100663431</MetadataToken>
              <Name>Inventory::Inventory()</Name>
              <FileRef uid="19" />
              <SequencePoints>
                <SequencePoint vc="14" uspid="2184" ordinal="0" offset="0" sl="13" sc="5" el="13" ec="5" bec="0" bev="0" fileid="19" />
              </SequencePoints>
              <BranchPoints />
            </Method>
          </Methods>
        </Class>
        <Class>
          <Summary numSequencePoints="77" visitedSequencePoints="16" numBranchPoints="0" visitedBranchPoints="0" sequenceCoverage="20.78" branchCoverage="0.0" maxCyclomaticComplexity="14" minCyclomaticComplexity="1" maxCrapScore="168.72" minCrapScore="1" visitedClasses="1" numClasses="1" visitedMethods="6" numMethods="6" />
          <FullName>PlayerController</FullName>
          <Methods>
            <Method visited="true" cyclomaticComplexity="1" nPathComplexity="0" sequenceCoverage="100.0" branchCoverage="0" crapScore="1" isConstructor="false" isStatic="true" isGetter="true" isSetter="false">
              <Summary numSequencePoints="1" visitedSequencePoints="1" numBranchPoints="0" visitedBranchPoints="0" sequenceCoverage="100.0" branchCoverage="0" maxCyclomaticComplexity="1" minCyclomaticComplexity="1" maxCrapScore="1" minCrapScore="1" visitedClasses="0" numClasses="0" visitedMethods="1" numMethods="1" />
              <MetadataToken>100663432</MetadataToken>
[...]
              <MetadataToken>100663433</MetadataToken>
              <Name>static System.Void PlayerController::set_players(System.Collections.Generic.List[Player])</Name>
              <FileRef uid="20" />
              <SequencePoints>
                <SequencePoint vc="7" uspid="2186" ordinal="0" offset="0" sl="11" sc="47" el="11" ec="47" bec="0" bev="0" fileid="20" />
              </SequencePoints>
              <BranchPoints />
            </Method>
            <Method visited="true" cyclomaticComplexity="1" nPathComplexity="0" sequenceCoverage="100.0" branchCoverage="0" crapScore="1" isConstructor="false" isStatic="true" isGetter="true" isSetter="false">
              <Summary numSequencePoints="1" visitedSequencePoints="1" numBranchPoints="0" visitedBranchPoints="0" sequenceCoverage="100.0" branchCoverage="0" maxCyclomaticComplexity="1" minCyclomaticComplexity="1" maxCrapScore="1" minCrapScore="1" visitedClasses="0" numClasses="0" visitedMethods="1" numMethods="1" />
              <MetadataToken>100663434</MetadataToken>
              <Name>static Player PlayerController::get_CurrentPlayer()</Name>
              <FileRef uid="20" />
              <SequencePoints>
                <SequencePoint vc="20" uspid="2187" ordinal="0" offset="0" sl="15" sc="42" el="15" ec="42" bec="0" bev="0" fileid="20" />
              </SequencePoints>
              <BranchPoints />
            </Method>
            <Method visited="true" cyclomaticComplexity="1" nPathComplexity="0" sequenceCoverage="100.0" branchCoverage="0" crapScore="1" isConstructor="false" isStatic="true" isGetter="false" isSetter="true">
              <Summary numSequencePoints="1" visitedSequencePoints="1" numBranchPoints="0" visitedBranchPoints="0" sequenceCoverage="100.0" branchCoverage="0" maxCyclomaticComplexity="1" minCyclomaticComplexity="1" maxCrapScore="1" minCrapScore="1" visitedClasses="0" numClasses="0" visitedMethods="1" numMethods="1" />
              <MetadataToken>100663435</MetadataToken>
              <Name>static System.Void PlayerController::set_CurrentPlayer(Player)</Name>
              <FileRef uid="20" />
              <SequencePoints>
                <SequencePoint vc="7" uspid="2188" ordinal="0" offset="0" sl="15" sc="47" el="15" ec="47" bec="0" bev="0" fileid="20" />
              </SequencePoints>
              <BranchPoints />
            </Method>
            <Method visited="true" cyclomaticComplexity="1" nPathComplexity="0" sequenceCoverage="100.0" branchCoverage="0" crapScore="1" isConstructor="false" isStatic="false" isGetter="false" isSetter="false">
              <Summary numSequencePoints="7" visitedSequencePoints="7" numBranchPoints="0" visitedBranchPoints="0" sequenceCoverage="100.0" branchCoverage="0" maxCyclomaticComplexity="1" minCyclomaticComplexity="1" maxCrapScore="1" minCrapScore="1" visitedClasses="0" numClasses="0" visitedMethods="1" numMethods="1" />
              <MetadataToken>100663436</MetadataToken>
              <Name>System.Void PlayerController::Start()</Name>
              <FileRef uid="20" />
              <SequencePoints>
                <SequencePoint vc="7" uspid="2189" ordinal="0" offset="0" sl="20" sc="5" el="20" ec="5" bec="0" bev="0" fileid="20" />
                <SequencePoint vc="7" uspid="2190" ordinal="0" offset="1" sl="21" sc="9" el="21" ec="9" bec="0" bev="0" fileid="20" />
                <SequencePoint vc="7" uspid="2191" ordinal="0" offset="12" sl="24" sc="9" el="24" ec="9" bec="0" bev="0" fileid="20" />
                <SequencePoint vc="7" uspid="2192" ordinal="0" offset="43" sl="25" sc="9" el="25" ec="9" bec="0" bev="0" fileid="20" />
                <SequencePoint vc="7" uspid="2193" ordinal="0" offset="74" sl="27" sc="9" el="27" ec="9" bec="0" bev="0" fileid="20" />
                <SequencePoint vc="7" uspid="2194" ordinal="0" offset="91" sl="28" sc="9" el="28" ec="9" bec="0" bev="0" fileid="20" />
                <SequencePoint vc="7" uspid="2195" ordinal="0" offset="97" sl="29" sc="5" el="29" ec="5" bec="0" bev="0" fileid="20" />
              </SequencePoints>
              <BranchPoints />
            </Method>
            <Method visited="true" cyclomaticComplexity="14" nPathComplexity="0" sequenceCoverage="7.58" branchCoverage="0" crapScore="168.72" isConstructor="false" isStatic="false" isGetter="false" isSetter="false">
              <Summary numSequencePoints="66" visitedSequencePoints="5" numBranchPoints="0" visitedBranchPoints="0" sequenceCoverage="7.58" branchCoverage="0" maxCyclomaticComplexity="14" minCyclomaticComplexity="14" maxCrapScore="168.72" minCrapScore="168.72" visitedClasses="0" numClasses="0" visitedMethods="1" numMethods="1" />
              <MetadataToken>100663437</MetadataToken>
              <Name>System.Void PlayerController::Update()</Name>
              <FileRef uid="20" />
              <SequencePoints>
                <SequencePoint vc="2125" uspid="2196" ordinal="0" offset="0" sl="33" sc="5" el="33" ec="5" bec="0" bev="0" fileid="20" />
                <SequencePoint vc="2125" uspid="2197" ordinal="0" offset="1" sl="37" sc="9" el="37" ec="9" bec="0" bev="0" fileid="20" />
                <SequencePoint vc="0" uspid="2198" ordinal="0" offset="14" sl="38" sc="9" el="38" ec="9" bec="0" bev="0" fileid="20" />
                <SequencePoint vc="0" uspid="2199" ordinal="0" offset="15" sl="40" sc="13" el="40" ec="13" bec="0" bev="0" fileid="20" />
                <SequencePoint vc="0" uspid="2200" ordinal="0" offset="31" sl="41" sc="13" el="41" ec="13" bec="0" bev="0" fileid="20" />
                <SequencePoint vc="0" uspid="2201" ordinal="0" offset="51" sl="41" sc="54" el="41" ec="54" bec="0" bev="0" fileid="20" />
                <SequencePoint vc="0" uspid="2202" ordinal="0" offset="52" sl="42" sc="17" el="42" ec="17" bec="0" bev="0" fileid="20" />
                <SequencePoint vc="0" uspid="2203" ordinal="0" offset="74" sl="42" sc="44" el="42" ec="44" bec="0" bev="0" fileid="20" />
                <SequencePoint vc="0" uspid="2204" ordinal="0" offset="75" sl="43" sc="21" el="43" ec="21" bec="0" bev="0" fileid="20" />
                <SequencePoint vc="0" uspid="2205" ordinal="0" offset="89" sl="45" sc="21" el="45" ec="21" bec="0" bev="0" fileid="20" />
                <SequencePoint vc="0" uspid="2206" ordinal="0" offset="106" sl="45" sc="39" el="45" ec="39" bec="0" bev="0" fileid="20" />
                <SequencePoint vc="0" uspid="2207" ordinal="0" offset="107" sl="46" sc="25" el="46" ec="25" bec="0" bev="0" fileid="20" />
                <SequencePoint vc="0" uspid="2208" ordinal="0" offset="126" sl="47" sc="25" el="47" ec="25" bec="0" bev="0" fileid="20" />
                <SequencePoint vc="0" uspid="2209" ordinal="0" offset="127" sl="48" sc="29" el="48" ec="29" bec="0" bev="0" fileid="20" />
                <SequencePoint vc="0" uspid="2210" ordinal="0" offset="150" sl="48" sc="71" el="48" ec="71" bec="0" bev="0" fileid="20" />
                <SequencePoint vc="0" uspid="2211" ordinal="0" offset="151" sl="49" sc="31" el="49" ec="31" bec="0" bev="0" fileid="20" />
                <SequencePoint vc="0" uspid="2212" ordinal="0" offset="163" sl="50" sc="31" el="50" ec="31" bec="0" bev="0" fileid="20" />
                <SequencePoint vc="0" uspid="2213" ordinal="0" offset="196" sl="51" sc="31" el="51" ec="31" bec="0" bev="0" fileid="20" />
                <SequencePoint vc="0" uspid="2214" ordinal="0" offset="207" sl="52" sc="29" el="52" ec="29" bec="0" bev="0" fileid="20" />
                <SequencePoint vc="0" uspid="2215" ordinal="0" offset="208" sl="53" sc="29" el="53" ec="29" bec="0" bev="0" fileid="20" />
                <SequencePoint vc="0" uspid="2216" ordinal="0" offset="231" sl="54" sc="29" el="54" ec="29" bec="0" bev="0" fileid="20" />
                <SequencePoint vc="0" uspid="2217" ordinal="0" offset="232" sl="55" sc="33" el="55" ec="33" bec="0" bev="0" fileid="20" />
                <SequencePoint vc="0" uspid="2218" ordinal="0" offset="244" sl="56" sc="33" el="56" ec="33" bec="0" bev="0" fileid="20" />
                <SequencePoint vc="0" uspid="2219" ordinal="0" offset="256" sl="57" sc="33" el="57" ec="33" bec="0" bev="0" fileid="20" />
                <SequencePoint vc="0" uspid="2220" ordinal="0" offset="268" sl="58" sc="33" el="58" ec="33" bec="0" bev="0" fileid="20" />
                <SequencePoint vc="0" uspid="2221" ordinal="0" offset="289" sl="59" sc="33" el="59" ec="33" bec="0" bev="0" fileid="20" />
                <SequencePoint vc="0" uspid="2222" ordinal="0" offset="290" sl="60" sc="37" el="60" ec="37" bec="0" bev="0" fileid="20" />
                <SequencePoint vc="0" uspid="2223" ordinal="0" offset="304" sl="61" sc="37" el="61" ec="37" bec="0" bev="0" fileid="20" />
                <SequencePoint vc="0" uspid="2224" ordinal="0" offset="318" sl="63" sc="37" el="63" ec="37" bec="0" bev="0" fileid="20" />
                <SequencePoint vc="0" uspid="2225" ordinal="0" offset="332" sl="64" sc="37" el="64" ec="37" bec="0" bev="0" fileid="20" />
                <SequencePoint vc="0" uspid="2226" ordinal="0" offset="346" sl="66" sc="37" el="66" ec="37" bec="0" bev="0" fileid="20" />
                <SequencePoint vc="0" uspid="2227" ordinal="0" offset="360" sl="67" sc="37" el="67" ec="37" bec="0" bev="0" fileid="20" />
                <SequencePoint vc="0" uspid="2228" ordinal="0" offset="374" sl="68" sc="33" el="68" ec="33" bec="0" bev="0" fileid="20" />
                <SequencePoint vc="0" uspid="2229" ordinal="0" offset="375" sl="69" sc="29" el="69" ec="29" bec="0" bev="0" fileid="20" />
                <SequencePoint vc="0" uspid="2230" ordinal="0" offset="376" sl="70" sc="25" el="70" ec="25" bec="0" bev="0" fileid="20" />
                <SequencePoint vc="0" uspid="2231" ordinal="0" offset="379" sl="72" sc="25" el="72" ec="25" bec="0" bev="0" fileid="20" />
                <SequencePoint vc="0" uspid="2232" ordinal="0" offset="380" sl="73" sc="29" el="73" ec="29" bec="0" bev="0" fileid="20" />
                <SequencePoint vc="0" uspid="2233" ordinal="0" offset="393" sl="74" sc="29" el="74" ec="29" bec="0" bev="0" fileid="20" />
                <SequencePoint vc="0" uspid="2234" ordinal="0" offset="421" sl="75" sc="25" el="75" ec="25" bec="0" bev="0" fileid="20" />
                <SequencePoint vc="0" uspid="2235" ordinal="0" offset="422" sl="76" sc="21" el="76" ec="21" bec="0" bev="0" fileid="20" />
                <SequencePoint vc="0" uspid="2236" ordinal="0" offset="423" sl="77" sc="17" el="77" ec="17" bec="0" bev="0" fileid="20" />
                <SequencePoint vc="0" uspid="2237" ordinal="0" offset="424" sl="78" sc="13" el="78" ec="13" bec="0" bev="0" fileid="20" />
                <SequencePoint vc="0" uspid="2238" ordinal="0" offset="425" sl="79" sc="9" el="79" ec="9" bec="0" bev="0" fileid="20" />
                <SequencePoint vc="2125" uspid="2239" ordinal="0" offset="426" sl="81" sc="9" el="81" ec="9" bec="0" bev="0" fileid="20" />
                <SequencePoint vc="0" uspid="2240" ordinal="0" offset="439" sl="81" sc="42" el="81" ec="42" bec="0" bev="0" fileid="20" />
                <SequencePoint vc="0" uspid="2241" ordinal="0" offset="440" sl="82" sc="13" el="82" ec="13" bec="0" bev="0" fileid="20" />
                <SequencePoint vc="0" uspid="2242" ordinal="0" offset="446" sl="83" sc="13" el="83" ec="13" bec="0" bev="0" fileid="20" />
                <SequencePoint vc="0" uspid="2243" ordinal="0" offset="453" sl="84" sc="13" el="84" ec="13" bec="0" bev="0" fileid="20" />
                <SequencePoint vc="0" uspid="2244" ordinal="0" offset="479" sl="85" sc="9" el="85" ec="9" bec="0" bev="0" fileid="20" />
                <SequencePoint vc="2125" uspid="2245" ordinal="0" offset="480" sl="88" sc="9" el="88" ec="9" bec="0" bev="0" fileid="20" />
                <SequencePoint vc="0" uspid="2246" ordinal="0" offset="495" sl="89" sc="9" el="89" ec="9" bec="0" bev="0" fileid="20" />
                <SequencePoint vc="0" uspid="2247" ordinal="0" offset="496" sl="91" sc="13" el="91" ec="13" bec="0" bev="0" fileid="20" />
                <SequencePoint vc="0" uspid="2248" ordinal="0" offset="513" sl="92" sc="13" el="92" ec="13" bec="0" bev="0" fileid="20" />
                <SequencePoint vc="0" uspid="2249" ordinal="0" offset="533" sl="92" sc="54" el="92" ec="54" bec="0" bev="0" fileid="20" />
                <SequencePoint vc="0" uspid="2250" ordinal="0" offset="534" sl="93" sc="17" el="93" ec="17" bec="0" bev="0" fileid="20" />
                <SequencePoint vc="0" uspid="2251" ordinal="0" offset="553" sl="93" sc="44" el="93" ec="44" bec="0" bev="0" fileid="20" />
                <SequencePoint vc="0" uspid="2252" ordinal="0" offset="554" sl="94" sc="21" el="94" ec="21" bec="0" bev="0" fileid="20" />
                <SequencePoint vc="0" uspid="2253" ordinal="0" offset="568" sl="96" sc="21" el="96" ec="21" bec="0" bev="0" fileid="20" />
                <SequencePoint vc="0" uspid="2254" ordinal="0" offset="582" sl="96" sc="39" el="96" ec="39" bec="0" bev="0" fileid="20" />
                <SequencePoint vc="0" uspid="2255" ordinal="0" offset="583" sl="97" sc="25" el="97" ec="25" bec="0" bev="0" fileid="20" />
                <SequencePoint vc="0" uspid="2256" ordinal="0" offset="596" sl="98" sc="25" el="98" ec="25" bec="0" bev="0" fileid="20" />
                <SequencePoint vc="0" uspid="2257" ordinal="0" offset="624" sl="99" sc="21" el="99" ec="21" bec="0" bev="0" fileid="20" />
                <SequencePoint vc="0" uspid="2258" ordinal="0" offset="625" sl="100" sc="17" el="100" ec="17" bec="0" bev="0" fileid="20" />
                <SequencePoint vc="0" uspid="2259" ordinal="0" offset="626" sl="101" sc="13" el="101" ec="13" bec="0" bev="0" fileid="20" />
                <SequencePoint vc="0" uspid="2260" ordinal="0" offset="627" sl="102" sc="9" el="102" ec="9" bec="0" bev="0" fileid="20" />
                <SequencePoint vc="2125" uspid="2261" ordinal="0" offset="628" sl="104" sc="5" el="104" ec="5" bec="0" bev="0" fileid="20" />
              </SequencePoints>
              <BranchPoints />
            </Method>
          </Methods>
        </Class>
        <Class>
          <Summary numSequencePoints="12" visitedSequencePoints="12" numBranchPoints="0" visitedBranchPoints="0" sequenceCoverage="100.0" branchCoverage="0.0" maxCyclomaticComplexity="1" minCyclomaticComplexity="1" maxCrapScore="1" minCrapScore="1" visitedClasses="1" numClasses="1" visitedMethods="2" numMethods="2" />
          <FullName>Player</FullName>
          <Methods>
            <Method visited="true" cyclomaticComplexity="1" nPathComplexity="0" sequenceCoverage="100.0" branchCoverage="0" crapScore="1" isConstructor="false" isStatic="false" isGetter="false" isSetter="false">
              <Summary numSequencePoints="3" visitedSequencePoints="3" numBranchPoints="0" visitedBranchPoints="0" sequenceCoverage="100.0" branchCoverage="0" maxCyclomaticComplexity="1" minCyclomaticComplexity="1" maxCrapScore="1" minCrapScore="1" visitedClasses="0" numClasses="0" visitedMethods="1" numMethods="1" />
              <MetadataToken>100663442</MetadataToken>
              <Name>Inventory Player::GetInventory()</Name>
              <FileRef uid="21" />
              <SequencePoints>
                <SequencePoint vc="18" uspid="2279" ordinal="0" offset="0" sl="27" sc="5" el="27" ec="5" bec="0" bev="0" fileid="21" />
                <SequencePoint vc="18" uspid="2280" ordinal="0" offset="1" sl="28" sc="9" el="28" ec="9" bec="0" bev="0" fileid="21" />
                <SequencePoint vc="18" uspid="2281" ordinal="0" offset="10" sl="29" sc="5" el="29" ec="5" bec="0" bev="0" fileid="21" />
              </SequencePoints>
              <BranchPoints />
            </Method>
            <Method visited="true" cyclomaticComplexity="1" nPathComplexity="0" sequenceCoverage="100.0" branchCoverage="0" crapScore="1" isConstructor="true" isStatic="false" isGetter="false" isSetter="false">
              <Summary numSequencePoints="9" visitedSequencePoints="9" numBranchPoints="0" visitedBranchPoints="0" sequenceCoverage="100.0" branchCoverage="0" maxCyclomaticComplexity="1" minCyclomaticComplexity="1" maxCrapScore="1" minCrapScore="1" visitedClasses="0" numClasses="0" visitedMethods="1" numMethods="1" />
              <MetadataToken>100663441</MetadataToken>
              <Name>Player::Player(System.String, UnityEngine.Material)</Name>
              <FileRef uid="21" />
              <SequencePoints>
                <SequencePoint vc="14" uspid="2352" ordinal="0" offset="0" sl="12" sc="5" el="12" ec="5" bec="0" bev="0" fileid="21" />
                <SequencePoint vc="14" uspid="2353" ordinal="0" offset="11" sl="17" sc="5" el="17" ec="5" bec="0" bev="0" fileid="21" />
                <SequencePoint vc="14" uspid="2354" ordinal="0" offset="18" sl="17" sc="48" el="17" ec="48" bec="0" bev="0" fileid="21" />
                <SequencePoint vc="14" uspid="2355" ordinal="0" offset="19" sl="18" sc="9" el="18" ec="9" bec="0" bev="0" fileid="21" />
                <SequencePoint vc="14" uspid="2356" ordinal="0" offset="26" sl="19" sc="9" el="19" ec="9" bec="0" bev="0" fileid="21" />
                <SequencePoint vc="14" uspid="2357" ordinal="0" offset="33" sl="20" sc="9" el="20" ec="9" bec="0" bev="0" fileid="21" />
                <SequencePoint vc="14" uspid="2358" ordinal="0" offset="40" sl="21" sc="9" el="21" ec="9" bec="0" bev="0" fileid="21" />
                <SequencePoint vc="14" uspid="2359" ordinal="0" offset="55" sl="22" sc="9" el="22" ec="9" bec="0" bev="0" fileid="21" />
                <SequencePoint vc="14" uspid="2360" ordinal="0" offset="66" sl="23" sc="5" el="23" ec="5" bec="0" bev="0" fileid="21" />
              </SequencePoints>
              <BranchPoints />
            </Method>
          </Methods>
        </Class>
        <Class>
          <Summary numSequencePoints="6" visitedSequencePoints="6" numBranchPoints="0" visitedBranchPoints="0" sequenceCoverage="100.0" branchCoverage="0.0" maxCyclomaticComplexity="1" minCyclomaticComplexity="1" maxCrapScore="1" minCrapScore="1" visitedClasses="1" numClasses="1" visitedMethods="1" numMethods="1" />
          <FullName>Tile</FullName>
          <Methods>
            <Method visited="true" cyclomaticComplexity="1" nPathComplexity="0" sequenceCoverage="100.0" branchCoverage="0" crapScore="1" isConstructor="false" isStatic="false" isGetter="false" isSetter="false">
              <Summary numSequencePoints="6" visitedSequencePoints="6" numBranchPoints="0" visitedBranchPoints="0" sequenceCoverage="100.0" branchCoverage="0" maxCyclomaticComplexity="1" minCyclomaticComplexity="1" maxCrapScore="1" minCrapScore="1" visitedClasses="0" numClasses="0" visitedMethods="1" numMethods="1" />
              <MetadataToken>100663461</MetadataToken>
              <Name>System.Void Tile::Start()</Name>
              <FileRef uid="22" />
              <SequencePoints>
                <SequencePoint vc="7" uspid="2365" ordinal="0" offset="0" sl="29" sc="5" el="29" ec="5" bec="0" bev="0" fileid="22" />
                <SequencePoint vc="7" uspid="2366" ordinal="0" offset="1" sl="30" sc="9" el="30" ec="9" bec="0" bev="0" fileid="22" />
                <SequencePoint vc="7" uspid="2367" ordinal="0" offset="13" sl="32" sc="9" el="32" ec="9" bec="0" bev="0" fileid="22" />
                <SequencePoint vc="7" uspid="2368" ordinal="0" offset="29" sl="33" sc="9" el="33" ec="9" bec="0" bev="0" fileid="22" />
                <SequencePoint vc="7" uspid="2369" ordinal="0" offset="45" sl="34" sc="9" el="34" ec="9" bec="0" bev="0" fileid="22" />
                <SequencePoint vc="7" uspid="2370" ordinal="0" offset="52" sl="35" sc="5" el="35" ec="5" bec="0" bev="0" fileid="22" />
              </SequencePoints>
              <BranchPoints />
            </Method>
          </Methods>
        </Class>
      </Classes>
    </Module>
  </Modules>
</CoverageSession>