<?xml version="1.0" encoding="utf-8"?>
<CoverageSession xmlns:xsd="http://www.w3.org/2001/XMLSchema" xmlns:xsi="http://www.w3.org/2001/XMLSchema-instance" Version="0.0.0.0">
  <Summary numSequencePoints="211" visitedSequencePoints="208" numBranchPoints="0" visitedBranchPoints="0" sequenceCoverage="98.58" branchCoverage="0.0" maxCyclomaticComplexity="0" minCyclomaticComplexity="0" maxCrapScore="0" minCrapScore="0" visitedClasses="6" numClasses="6" visitedMethods="46" numMethods="46" />
  <Modules>
    <Module>
      <Summary numSequencePoints="211" visitedSequencePoints="208" numBranchPoints="0" visitedBranchPoints="0" sequenceCoverage="98.58" branchCoverage="0.0" maxCyclomaticComplexity="0" minCyclomaticComplexity="0" maxCrapScore="0" minCrapScore="0" visitedClasses="6" numClasses="6" visitedMethods="46" numMethods="46" />
      <ModuleTime>0001-01-01T00:00:00</ModuleTime>
      <ModuleName>Scripts</ModuleName>
      <Files>
        <File uid="1" fullPath="G:/Notes/School/Spring 2024/CS 472/Repos/Crypto-Wars/Crypto Wars/Assets/Scripts/Battles.cs" />
        <File uid="2" fullPath="G:/Notes/School/Spring 2024/CS 472/Repos/Crypto-Wars/Crypto Wars/Assets/Scripts/Building.cs" />
        <File uid="3" fullPath="G:/Notes/School/Spring 2024/CS 472/Repos/Crypto-Wars/Crypto Wars/Assets/Scripts/buildingRegistry.cs" />
        <File uid="4" fullPath="G:/Notes/School/Spring 2024/CS 472/Repos/Crypto-Wars/Crypto Wars/Assets/Scripts/CameraScript.cs" />
        <File uid="5" fullPath="G:/Notes/School/Spring 2024/CS 472/Repos/Crypto-Wars/Crypto Wars/Assets/Scripts/cardRegistry.cs" />
        <File uid="6" fullPath="G:/Notes/School/Spring 2024/CS 472/Repos/Crypto-Wars/Crypto Wars/Assets/Scripts/CardStack.cs" />
        <File uid="7" fullPath="G:/Notes/School/Spring 2024/CS 472/Repos/Crypto-Wars/Crypto Wars/Assets/Scripts/Card_Abstract.cs" />
        <File uid="8" fullPath="G:/Notes/School/Spring 2024/CS 472/Repos/Crypto-Wars/Crypto Wars/Assets/Scripts/EndTurn.cs" />
        <File uid="9" fullPath="G:/Notes/School/Spring 2024/CS 472/Repos/Crypto-Wars/Crypto Wars/Assets/Scripts/GameManager.cs" />
        <File uid="10" fullPath="G:/Notes/School/Spring 2024/CS 472/Repos/Crypto-Wars/Crypto Wars/Assets/Scripts/GUI/AttackButtonScript.cs" />
        <File uid="11" fullPath="G:/Notes/School/Spring 2024/CS 472/Repos/Crypto-Wars/Crypto Wars/Assets/Scripts/GUI/BuildButtonScript.cs" />
        <File uid="12" fullPath="G:/Notes/School/Spring 2024/CS 472/Repos/Crypto-Wars/Crypto Wars/Assets/Scripts/GUI/EscapeMenu.cs" />
        <File uid="13" fullPath="G:/Notes/School/Spring 2024/CS 472/Repos/Crypto-Wars/Crypto Wars/Assets/Scripts/GUI/InventoryManager.cs" />
        <File uid="14" fullPath="G:/Notes/School/Spring 2024/CS 472/Repos/Crypto-Wars/Crypto Wars/Assets/Scripts/GUI/MainMenu.cs" />
        <File uid="15" fullPath="G:/Notes/School/Spring 2024/CS 472/Repos/Crypto-Wars/Crypto Wars/Assets/Scripts/GUI/PlayerList.cs" />
        <File uid="16" fullPath="G:/Notes/School/Spring 2024/CS 472/Repos/Crypto-Wars/Crypto Wars/Assets/Scripts/Inventory.cs" />
        <File uid="17" fullPath="G:/Notes/School/Spring 2024/CS 472/Repos/Crypto-Wars/Crypto Wars/Assets/Scripts/PlayerController.cs" />
        <File uid="18" fullPath="G:/Notes/School/Spring 2024/CS 472/Repos/Crypto-Wars/Crypto Wars/Assets/Scripts/PlayerScript.cs" />
        <File uid="19" fullPath="G:/Notes/School/Spring 2024/CS 472/Repos/Crypto-Wars/Crypto Wars/Assets/Scripts/TileScript.cs" />
        <File uid="20" fullPath="G:/Notes/School/Spring 2024/CS 472/Repos/Crypto-Wars/Crypto Wars/Assets/Scripts/TurnMaster.cs" />
        <File uid="21" fullPath="G:/Notes/School/Spring 2024/CS 472/Repos/Crypto-Wars/Crypto Wars/Assets/Scripts/WinConditions.cs" />
      </Files>
      <Classes>
        <Class>
          <Summary numSequencePoints="51" visitedSequencePoints="51" numBranchPoints="0" visitedBranchPoints="0" sequenceCoverage="100.0" branchCoverage="0.0" maxCyclomaticComplexity="0" minCyclomaticComplexity="0" maxCrapScore="0" minCrapScore="0" visitedClasses="1" numClasses="1" visitedMethods="13" numMethods="13" />
          <FullName>Building</FullName>
          <Methods>
            <Method visited="true" cyclomaticComplexity="0" nPathComplexity="0" sequenceCoverage="100.0" branchCoverage="0" crapScore="0" isConstructor="false" isStatic="false" isGetter="false" isSetter="false">
              <Summary numSequencePoints="3" visitedSequencePoints="3" numBranchPoints="0" visitedBranchPoints="0" sequenceCoverage="100.0" branchCoverage="0" maxCyclomaticComplexity="0" minCyclomaticComplexity="0" maxCrapScore="0" minCrapScore="0" visitedClasses="0" numClasses="0" visitedMethods="1" numMethods="1" />
              <MetadataToken>100663306</MetadataToken>
              <Name>Player Building::getOwner()</Name>
              <FileRef uid="2" />
              <SequencePoints>
                <SequencePoint vc="1" uspid="1535" ordinal="0" offset="0" sl="25" sc="5" el="25" ec="5" bec="0" bev="0" fileid="2" />
                <SequencePoint vc="1" uspid="1536" ordinal="0" offset="1" sl="26" sc="9" el="26" ec="9" bec="0" bev="0" fileid="2" />
                <SequencePoint vc="1" uspid="1537" ordinal="0" offset="10" sl="27" sc="5" el="27" ec="5" bec="0" bev="0" fileid="2" />
              </SequencePoints>
              <BranchPoints />
            </Method>
            <Method visited="true" cyclomaticComplexity="0" nPathComplexity="0" sequenceCoverage="100.0" branchCoverage="0" crapScore="0" isConstructor="false" isStatic="false" isGetter="false" isSetter="false">
              <Summary numSequencePoints="3" visitedSequencePoints="3" numBranchPoints="0" visitedBranchPoints="0" sequenceCoverage="100.0" branchCoverage="0" maxCyclomaticComplexity="0" minCyclomaticComplexity="0" maxCrapScore="0" minCrapScore="0" visitedClasses="0" numClasses="0" visitedMethods="1" numMethods="1" />
              <MetadataToken>100663307</MetadataToken>
              <Name>System.Void Building::setOwner(Player)</Name>
              <FileRef uid="2" />
              <SequencePoints>
                <SequencePoint vc="1" uspid="1538" ordinal="0" offset="0" sl="30" sc="5" el="30" ec="5" bec="0" bev="0" fileid="2" />
                <SequencePoint vc="1" uspid="1539" ordinal="0" offset="1" sl="31" sc="9" el="31" ec="9" bec="0" bev="0" fileid="2" />
                <SequencePoint vc="1" uspid="1540" ordinal="0" offset="8" sl="32" sc="5" el="32" ec="5" bec="0" bev="0" fileid="2" />
              </SequencePoints>
              <BranchPoints />
            </Method>
            <Method visited="true" cyclomaticComplexity="0" nPathComplexity="0" sequenceCoverage="100.0" branchCoverage="0" crapScore="0" isConstructor="false" isStatic="false" isGetter="false" isSetter="false">
              <Summary numSequencePoints="3" visitedSequencePoints="3" numBranchPoints="0" visitedBranchPoints="0" sequenceCoverage="100.0" branchCoverage="0" maxCyclomaticComplexity="0" minCyclomaticComplexity="0" maxCrapScore="0" minCrapScore="0" visitedClasses="0" numClasses="0" visitedMethods="1" numMethods="1" />
              <MetadataToken>100663308</MetadataToken>
              <Name>Tile Building::getTile()</Name>
              <FileRef uid="2" />
              <SequencePoints>
                <SequencePoint vc="1" uspid="1541" ordinal="0" offset="0" sl="35" sc="5" el="35" ec="5" bec="0" bev="0" fileid="2" />
                <SequencePoint vc="1" uspid="1542" ordinal="0" offset="1" sl="36" sc="9" el="36" ec="9" bec="0" bev="0" fileid="2" />
                <SequencePoint vc="1" uspid="1543" ordinal="0" offset="10" sl="37" sc="5" el="37" ec="5" bec="0" bev="0" fileid="2" />
              </SequencePoints>
              <BranchPoints />
            </Method>
            <Method visited="true" cyclomaticComplexity="0" nPathComplexity="0" sequenceCoverage="100.0" branchCoverage="0" crapScore="0" isConstructor="false" isStatic="false" isGetter="false" isSetter="false">
              <Summary numSequencePoints="3" visitedSequencePoints="3" numBranchPoints="0" visitedBranchPoints="0" sequenceCoverage="100.0" branchCoverage="0" maxCyclomaticComplexity="0" minCyclomaticComplexity="0" maxCrapScore="0" minCrapScore="0" visitedClasses="0" numClasses="0" visitedMethods="1" numMethods="1" />
              <MetadataToken>100663309</MetadataToken>
              <Name>System.Void Building::setTile(Tile)</Name>
              <FileRef uid="2" />
              <SequencePoints>
                <SequencePoint vc="1" uspid="1544" ordinal="0" offset="0" sl="40" sc="5" el="40" ec="5" bec="0" bev="0" fileid="2" />
                <SequencePoint vc="1" uspid="1545" ordinal="0" offset="1" sl="41" sc="9" el="41" ec="9" bec="0" bev="0" fileid="2" />
                <SequencePoint vc="1" uspid="1546" ordinal="0" offset="8" sl="42" sc="5" el="42" ec="5" bec="0" bev="0" fileid="2" />
              </SequencePoints>
              <BranchPoints />
            </Method>
            <Method visited="true" cyclomaticComplexity="0" nPathComplexity="0" sequenceCoverage="100.0" branchCoverage="0" crapScore="0" isConstructor="false" isStatic="false" isGetter="false" isSetter="false">
              <Summary numSequencePoints="3" visitedSequencePoints="3" numBranchPoints="0" visitedBranchPoints="0" sequenceCoverage="100.0" branchCoverage="0" maxCyclomaticComplexity="0" minCyclomaticComplexity="0" maxCrapScore="0" minCrapScore="0" visitedClasses="0" numClasses="0" visitedMethods="1" numMethods="1" />
              <MetadataToken>100663310</MetadataToken>
              <Name>System.Int32 Building::getTurnsSinceLast()</Name>
              <FileRef uid="2" />
              <SequencePoints>
                <SequencePoint vc="2" uspid="1547" ordinal="0" offset="0" sl="45" sc="5" el="45" ec="5" bec="0" bev="0" fileid="2" />
                <SequencePoint vc="2" uspid="1548" ordinal="0" offset="1" sl="46" sc="9" el="46" ec="9" bec="0" bev="0" fileid="2" />
                <SequencePoint vc="2" uspid="1549" ordinal="0" offset="10" sl="47" sc="5" el="47" ec="5" bec="0" bev="0" fileid="2" />
              </SequencePoints>
              <BranchPoints />
            </Method>
            <Method visited="true" cyclomaticComplexity="0" nPathComplexity="0" sequenceCoverage="100.0" branchCoverage="0" crapScore="0" isConstructor="false" isStatic="false" isGetter="false" isSetter="false">
              <Summary numSequencePoints="3" visitedSequencePoints="3" numBranchPoints="0" visitedBranchPoints="0" sequenceCoverage="100.0" branchCoverage="0" maxCyclomaticComplexity="0" minCyclomaticComplexity="0" maxCrapScore="0" minCrapScore="0" visitedClasses="0" numClasses="0" visitedMethods="1" numMethods="1" />
              <MetadataToken>100663311</MetadataToken>
              <Name>System.Int32 Building::getAmount()</Name>
              <FileRef uid="2" />
              <SequencePoints>
                <SequencePoint vc="1" uspid="1550" ordinal="0" offset="0" sl="50" sc="5" el="50" ec="5" bec="0" bev="0" fileid="2" />
                <SequencePoint vc="1" uspid="1551" ordinal="0" offset="1" sl="51" sc="9" el="51" ec="9" bec="0" bev="0" fileid="2" />
                <SequencePoint vc="1" uspid="1552" ordinal="0" offset="10" sl="52" sc="5" el="52" ec="5" bec="0" bev="0" fileid="2" />
              </SequencePoints>
              <BranchPoints />
            </Method>
            <Method visited="true" cyclomaticComplexity="0" nPathComplexity="0" sequenceCoverage="100.0" branchCoverage="0" crapScore="0" isConstructor="false" isStatic="false" isGetter="false" isSetter="false">
              <Summary numSequencePoints="3" visitedSequencePoints="3" numBranchPoints="0" visitedBranchPoints="0" sequenceCoverage="100.0" branchCoverage="0" maxCyclomaticComplexity="0" minCyclomaticComplexity="0" maxCrapScore="0" minCrapScore="0" visitedClasses="0" numClasses="0" visitedMethods="1" numMethods="1" />
              <MetadataToken>100663312</MetadataToken>
              <Name>System.Void Building::setAmount(System.Int32)</Name>
              <FileRef uid="2" />
              <SequencePoints>
                <SequencePoint vc="1" uspid="1553" ordinal="0" offset="0" sl="55" sc="5" el="55" ec="5" bec="0" bev="0" fileid="2" />
                <SequencePoint vc="1" uspid="1554" ordinal="0" offset="1" sl="56" sc="9" el="56" ec="9" bec="0" bev="0" fileid="2" />
                <SequencePoint vc="1" uspid="1555" ordinal="0" offset="8" sl="57" sc="5" el="57" ec="5" bec="0" bev="0" fileid="2" />
              </SequencePoints>
              <BranchPoints />
            </Method>
            <Method visited="true" cyclomaticComplexity="0" nPathComplexity="0" sequenceCoverage="100.0" branchCoverage="0" crapScore="0" isConstructor="false" isStatic="false" isGetter="false" isSetter="false">
              <Summary numSequencePoints="3" visitedSequencePoints="3" numBranchPoints="0" visitedBranchPoints="0" sequenceCoverage="100.0" branchCoverage="0" maxCyclomaticComplexity="0" minCyclomaticComplexity="0" maxCrapScore="0" minCrapScore="0" visitedClasses="0" numClasses="0" visitedMethods="1" numMethods="1" />
              <MetadataToken>100663313</MetadataToken>
              <Name>System.Void Building::setCard(Card)</Name>
              <FileRef uid="2" />
              <SequencePoints>
                <SequencePoint vc="1" uspid="1556" ordinal="0" offset="0" sl="60" sc="5" el="60" ec="5" bec="0" bev="0" fileid="2" />
                <SequencePoint vc="1" uspid="1557" ordinal="0" offset="1" sl="61" sc="9" el="61" ec="9" bec="0" bev="0" fileid="2" />
                <SequencePoint vc="1" uspid="1558" ordinal="0" offset="8" sl="62" sc="5" el="62" ec="5" bec="0" bev="0" fileid="2" />
              </SequencePoints>
              <BranchPoints />
            </Method>
            <Method visited="true" cyclomaticComplexity="0" nPathComplexity="0" sequenceCoverage="100.0" branchCoverage="0" crapScore="0" isConstructor="false" isStatic="false" isGetter="false" isSetter="false">
              <Summary numSequencePoints="3" visitedSequencePoints="3" numBranchPoints="0" visitedBranchPoints="0" sequenceCoverage="100.0" branchCoverage="0" maxCyclomaticComplexity="0" minCyclomaticComplexity="0" maxCrapScore="0" minCrapScore="0" visitedClasses="0" numClasses="0" visitedMethods="1" numMethods="1" />
              <MetadataToken>100663314</MetadataToken>
              <Name>Card Building::getCard()</Name>
              <FileRef uid="2" />
              <SequencePoints>
                <SequencePoint vc="1" uspid="1559" ordinal="0" offset="0" sl="65" sc="5" el="65" ec="5" bec="0" bev="0" fileid="2" />
                <SequencePoint vc="1" uspid="1560" ordinal="0" offset="1" sl="66" sc="9" el="66" ec="9" bec="0" bev="0" fileid="2" />
                <SequencePoint vc="1" uspid="1561" ordinal="0" offset="10" sl="67" sc="5" el="67" ec="5" bec="0" bev="0" fileid="2" />
              </SequencePoints>
              <BranchPoints />
            </Method>
            <Method visited="true" cyclomaticComplexity="0" nPathComplexity="0" sequenceCoverage="100.0" branchCoverage="0" crapScore="0" isConstructor="false" isStatic="false" isGetter="false" isSetter="false">
              <Summary numSequencePoints="3" visitedSequencePoints="3" numBranchPoints="0" visitedBranchPoints="0" sequenceCoverage="100.0" branchCoverage="0" maxCyclomaticComplexity="0" minCyclomaticComplexity="0" maxCrapScore="0" minCrapScore="0" visitedClasses="0" numClasses="0" visitedMethods="1" numMethods="1" />
              <MetadataToken>100663315</MetadataToken>
              <Name>System.String Building::getName()</Name>
              <FileRef uid="2" />
              <SequencePoints>
                <SequencePoint vc="1" uspid="1562" ordinal="0" offset="0" sl="70" sc="5" el="70" ec="5" bec="0" bev="0" fileid="2" />
                <SequencePoint vc="1" uspid="1563" ordinal="0" offset="1" sl="71" sc="9" el="71" ec="9" bec="0" bev="0" fileid="2" />
                <SequencePoint vc="1" uspid="1564" ordinal="0" offset="10" sl="72" sc="5" el="72" ec="5" bec="0" bev="0" fileid="2" />
              </SequencePoints>
              <BranchPoints />
            </Method>
            <Method visited="true" cyclomaticComplexity="0" nPathComplexity="0" sequenceCoverage="100.0" branchCoverage="0" crapScore="0" isConstructor="false" isStatic="false" isGetter="false" isSetter="false">
              <Summary numSequencePoints="11" visitedSequencePoints="11" numBranchPoints="0" visitedBranchPoints="0" sequenceCoverage="100.0" branchCoverage="0" maxCyclomaticComplexity="0" minCyclomaticComplexity="0" maxCrapScore="0" minCrapScore="0" visitedClasses="0" numClasses="0" visitedMethods="1" numMethods="1" />
              <MetadataToken>100663316</MetadataToken>
              <Name>System.Void Building::addCardsToInventory()</Name>
              <FileRef uid="2" />
              <SequencePoints>
                <SequencePoint vc="1" uspid="1565" ordinal="0" offset="0" sl="75" sc="5" el="75" ec="5" bec="0" bev="0" fileid="2" />
                <SequencePoint vc="1" uspid="1566" ordinal="0" offset="1" sl="76" sc="9" el="76" ec="9" bec="0" bev="0" fileid="2" />
                <SequencePoint vc="1" uspid="1567" ordinal="0" offset="22" sl="77" sc="9" el="77" ec="9" bec="0" bev="0" fileid="2" />
                <SequencePoint vc="1" uspid="1568" ordinal="0" offset="23" sl="78" sc="18" el="78" ec="18" bec="0" bev="0" fileid="2" />
                <SequencePoint vc="2" uspid="1569" ordinal="0" offset="27" sl="79" sc="13" el="79" ec="13" bec="0" bev="0" fileid="2" />
                <SequencePoint vc="2" uspid="1570" ordinal="0" offset="28" sl="81" sc="13" el="81" ec="13" bec="0" bev="0" fileid="2" />
                <SequencePoint vc="2" uspid="1571" ordinal="0" offset="29" sl="78" sc="41" el="78" ec="41" bec="0" bev="0" fileid="2" />
                <SequencePoint vc="3" uspid="1572" ordinal="0" offset="33" sl="78" sc="29" el="78" ec="29" bec="0" bev="0" fileid="2" />
                <SequencePoint vc="1" uspid="1573" ordinal="0" offset="46" sl="82" sc="13" el="82" ec="13" bec="0" bev="0" fileid="2" />
                <SequencePoint vc="1" uspid="1574" ordinal="0" offset="53" sl="83" sc="9" el="83" ec="9" bec="0" bev="0" fileid="2" />
                <SequencePoint vc="1" uspid="1575" ordinal="0" offset="54" sl="84" sc="5" el="84" ec="5" bec="0" bev="0" fileid="2" />
              </SequencePoints>
              <BranchPoints />
            </Method>
            <Method visited="true" cyclomaticComplexity="0" nPathComplexity="0" sequenceCoverage="100.0" branchCoverage="0" crapScore="0" isConstructor="false" isStatic="false" isGetter="false" isSetter="false">
              <Summary numSequencePoints="3" visitedSequencePoints="3" numBranchPoints="0" visitedBranchPoints="0" sequenceCoverage="100.0" branchCoverage="0" maxCyclomaticComplexity="0" minCyclomaticComplexity="0" maxCrapScore="0" minCrapScore="0" visitedClasses="0" numClasses="0" visitedMethods="1" numMethods="1" />
              <MetadataToken>100663317</MetadataToken>
              <Name>System.Void Building::didNotProduce()</Name>
              <FileRef uid="2" />
              <SequencePoints>
                <SequencePoint vc="3" uspid="1576" ordinal="0" offset="0" sl="87" sc="5" el="87" ec="5" bec="0" bev="0" fileid="2" />
                <SequencePoint vc="3" uspid="1577" ordinal="0" offset="1" sl="88" sc="9" el="88" ec="9" bec="0" bev="0" fileid="2" />
                <SequencePoint vc="3" uspid="1578" ordinal="0" offset="15" sl="89" sc="5" el="89" ec="5" bec="0" bev="0" fileid="2" />
              </SequencePoints>
              <BranchPoints />
            </Method>
            <Method visited="true" cyclomaticComplexity="0" nPathComplexity="0" sequenceCoverage="100.0" branchCoverage="0" crapScore="0" isConstructor="true" isStatic="false" isGetter="false" isSetter="false">
              <Summary numSequencePoints="7" visitedSequencePoints="7" numBranchPoints="0" visitedBranchPoints="0" sequenceCoverage="100.0" branchCoverage="0" maxCyclomaticComplexity="0" minCyclomaticComplexity="0" maxCrapScore="0" minCrapScore="0" visitedClasses="0" numClasses="0" visitedMethods="1" numMethods="1" />
              <MetadataToken>100663305</MetadataToken>
              <Name>Building::Building(System.String, System.Int32, System.Int32)</Name>
              <FileRef uid="2" />
              <SequencePoints>
                <SequencePoint vc="8" uspid="1579" ordinal="0" offset="0" sl="16" sc="5" el="16" ec="5" bec="0" bev="0" fileid="2" />
                <SequencePoint vc="8" uspid="1580" ordinal="0" offset="7" sl="17" sc="5" el="17" ec="5" bec="0" bev="0" fileid="2" />
                <SequencePoint vc="8" uspid="1581" ordinal="0" offset="8" sl="18" sc="9" el="18" ec="9" bec="0" bev="0" fileid="2" />
                <SequencePoint vc="8" uspid="1582" ordinal="0" offset="15" sl="19" sc="9" el="19" ec="9" bec="0" bev="0" fileid="2" />
                <SequencePoint vc="8" uspid="1583" ordinal="0" offset="22" sl="20" sc="9" el="20" ec="9" bec="0" bev="0" fileid="2" />
                <SequencePoint vc="8" uspid="1584" ordinal="0" offset="29" sl="21" sc="9" el="21" ec="9" bec="0" bev="0" fileid="2" />
                <SequencePoint vc="8" uspid="1585" ordinal="0" offset="36" sl="22" sc="5" el="22" ec="5" bec="0" bev="0" fileid="2" />
              </SequencePoints>
              <BranchPoints />
            </Method>
          </Methods>
        </Class>
        <Class>
          <Summary numSequencePoints="6" visitedSequencePoints="6" numBranchPoints="0" visitedBranchPoints="0" sequenceCoverage="100.0" branchCoverage="0.0" maxCyclomaticComplexity="0" minCyclomaticComplexity="0" maxCrapScore="0" minCrapScore="0" visitedClasses="1" numClasses="1" visitedMethods="1" numMethods="1" />
          <FullName>CameraScript</FullName>
          <Methods>
            <Method visited="true" cyclomaticComplexity="0" nPathComplexity="0" sequenceCoverage="100.0" branchCoverage="0" crapScore="0" isConstructor="true" isStatic="false" isGetter="false" isSetter="false">
              <Summary numSequencePoints="6" visitedSequencePoints="6" numBranchPoints="0" visitedBranchPoints="0" sequenceCoverage="100.0" branchCoverage="0" maxCyclomaticComplexity="0" minCyclomaticComplexity="0" maxCrapScore="0" minCrapScore="0" visitedClasses="0" numClasses="0" visitedMethods="1" numMethods="1" />
              <MetadataToken>100663324</MetadataToken>
              <Name>CameraScript::CameraScript()</Name>
              <FileRef uid="4" />
              <SequencePoints>
                <SequencePoint vc="1" uspid="1625" ordinal="0" offset="0" sl="8" sc="5" el="8" ec="5" bec="0" bev="0" fileid="4" />
                <SequencePoint vc="1" uspid="1626" ordinal="0" offset="11" sl="9" sc="5" el="9" ec="5" bec="0" bev="0" fileid="4" />
                <SequencePoint vc="1" uspid="1627" ordinal="0" offset="22" sl="10" sc="5" el="10" ec="5" bec="0" bev="0" fileid="4" />
                <SequencePoint vc="1" uspid="1628" ordinal="0" offset="33" sl="11" sc="5" el="11" ec="5" bec="0" bev="0" fileid="4" />
                <SequencePoint vc="1" uspid="1629" ordinal="0" offset="44" sl="13" sc="5" el="13" ec="5" bec="0" bev="0" fileid="4" />
                <SequencePoint vc="1" uspid="1630" ordinal="0" offset="55" sl="14" sc="5" el="14" ec="5" bec="0" bev="0" fileid="4" />
              </SequencePoints>
              <BranchPoints />
            </Method>
          </Methods>
        </Class>
        <Class>
          <Summary numSequencePoints="48" visitedSequencePoints="48" numBranchPoints="0" visitedBranchPoints="0" sequenceCoverage="100.0" branchCoverage="0.0" maxCyclomaticComplexity="0" minCyclomaticComplexity="0" maxCrapScore="0" minCrapScore="0" visitedClasses="1" numClasses="1" visitedMethods="8" numMethods="8" />
          <FullName>CardStack</FullName>
          <Methods>
            <Method visited="true" cyclomaticComplexity="0" nPathComplexity="0" sequenceCoverage="100.0" branchCoverage="0" crapScore="0" isConstructor="false" isStatic="false" isGetter="false" isSetter="false">
              <Summary numSequencePoints="3" visitedSequencePoints="3" numBranchPoints="0" visitedBranchPoints="0" sequenceCoverage="100.0" branchCoverage="0" maxCyclomaticComplexity="0" minCyclomaticComplexity="0" maxCrapScore="0" minCrapScore="0" visitedClasses="0" numClasses="0" visitedMethods="1" numMethods="1" />
              <MetadataToken>100663331</MetadataToken>
              <Name>Card CardStack::GetCardinStack()</Name>
              <FileRef uid="6" />
              <SequencePoints>
                <SequencePoint vc="1" uspid="1655" ordinal="0" offset="0" sl="18" sc="34" el="18" ec="34" bec="0" bev="0" fileid="6" />
                <SequencePoint vc="1" uspid="1656" ordinal="0" offset="1" sl="19" sc="9" el="19" ec="9" bec="0" bev="0" fileid="6" />
                <SequencePoint vc="1" uspid="1657" ordinal="0" offset="10" sl="20" sc="5" el="20" ec="5" bec="0" bev="0" fileid="6" />
              </SequencePoints>
              <BranchPoints />
            </Method>
            <Method visited="true" cyclomaticComplexity="0" nPathComplexity="0" sequenceCoverage="100.0" branchCoverage="0" crapScore="0" isConstructor="false" isStatic="false" isGetter="false" isSetter="false">
              <Summary numSequencePoints="6" visitedSequencePoints="6" numBranchPoints="0" visitedBranchPoints="0" sequenceCoverage="100.0" branchCoverage="0" maxCyclomaticComplexity="0" minCyclomaticComplexity="0" maxCrapScore="0" minCrapScore="0" visitedClasses="0" numClasses="0" visitedMethods="1" numMethods="1" />
              <MetadataToken>100663332</MetadataToken>
              <Name>System.Boolean CardStack::CanAddtoStack(Card)</Name>
              <FileRef uid="6" />
              <SequencePoints>
                <SequencePoint vc="6" uspid="1658" ordinal="0" offset="0" sl="22" sc="42" el="22" ec="42" bec="0" bev="0" fileid="6" />
                <SequencePoint vc="6" uspid="1659" ordinal="0" offset="1" sl="23" sc="9" el="23" ec="9" bec="0" bev="0" fileid="6" />
                <SequencePoint vc="3" uspid="1660" ordinal="0" offset="27" sl="24" sc="9" el="24" ec="9" bec="0" bev="0" fileid="6" />
                <SequencePoint vc="3" uspid="1661" ordinal="0" offset="28" sl="25" sc="13" el="25" ec="13" bec="0" bev="0" fileid="6" />
                <SequencePoint vc="3" uspid="1662" ordinal="0" offset="32" sl="27" sc="9" el="27" ec="9" bec="0" bev="0" fileid="6" />
                <SequencePoint vc="6" uspid="1663" ordinal="0" offset="36" sl="28" sc="5" el="28" ec="5" bec="0" bev="0" fileid="6" />
              </SequencePoints>
              <BranchPoints />
            </Method>
            <Method visited="true" cyclomaticComplexity="0" nPathComplexity="0" sequenceCoverage="100.0" branchCoverage="0" crapScore="0" isConstructor="false" isStatic="false" isGetter="false" isSetter="false">
              <Summary numSequencePoints="9" visitedSequencePoints="9" numBranchPoints="0" visitedBranchPoints="0" sequenceCoverage="100.0" branchCoverage="0" maxCyclomaticComplexity="0" minCyclomaticComplexity="0" maxCrapScore="0" minCrapScore="0" visitedClasses="0" numClasses="0" visitedMethods="1" numMethods="1" />
              <MetadataToken>100663333</MetadataToken>
              <Name>System.Boolean CardStack::AddCardtoStack(Card)</Name>
              <FileRef uid="6" />
              <SequencePoints>
                <SequencePoint vc="2" uspid="1664" ordinal="0" offset="0" sl="30" sc="43" el="30" ec="43" bec="0" bev="0" fileid="6" />
                <SequencePoint vc="2" uspid="1665" ordinal="0" offset="1" sl="31" sc="9" el="31" ec="9" bec="0" bev="0" fileid="6" />
                <SequencePoint vc="1" uspid="1666" ordinal="0" offset="15" sl="31" sc="33" el="31" ec="33" bec="0" bev="0" fileid="6" />
                <SequencePoint vc="1" uspid="1667" ordinal="0" offset="16" sl="32" sc="13" el="32" ec="13" bec="0" bev="0" fileid="6" />
                <SequencePoint vc="1" uspid="1668" ordinal="0" offset="20" sl="34" sc="9" el="34" ec="9" bec="0" bev="0" fileid="6" />
                <SequencePoint vc="1" uspid="1669" ordinal="0" offset="38" sl="35" sc="13" el="35" ec="13" bec="0" bev="0" fileid="6" />
                <SequencePoint vc="1" uspid="1670" ordinal="0" offset="52" sl="36" sc="9" el="36" ec="9" bec="0" bev="0" fileid="6" />
                <SequencePoint vc="1" uspid="1671" ordinal="0" offset="59" sl="37" sc="9" el="37" ec="9" bec="0" bev="0" fileid="6" />
                <SequencePoint vc="2" uspid="1672" ordinal="0" offset="63" sl="38" sc="5" el="38" ec="5" bec="0" bev="0" fileid="6" />
              </SequencePoints>
              <BranchPoints />
            </Method>
            <Method visited="true" cyclomaticComplexity="0" nPathComplexity="0" sequenceCoverage="100.0" branchCoverage="0" crapScore="0" isConstructor="false" isStatic="false" isGetter="false" isSetter="false">
              <Summary numSequencePoints="9" visitedSequencePoints="9" numBranchPoints="0" visitedBranchPoints="0" sequenceCoverage="100.0" branchCoverage="0" maxCyclomaticComplexity="0" minCyclomaticComplexity="0" maxCrapScore="0" minCrapScore="0" visitedClasses="0" numClasses="0" visitedMethods="1" numMethods="1" />
              <MetadataToken>100663334</MetadataToken>
              <Name>System.Boolean CardStack::RemoveCardFromStack(Card)</Name>
              <FileRef uid="6" />
              <SequencePoints>
                <SequencePoint vc="2" uspid="1673" ordinal="0" offset="0" sl="40" sc="47" el="40" ec="47" bec="0" bev="0" fileid="6" />
                <SequencePoint vc="2" uspid="1674" ordinal="0" offset="1" sl="41" sc="9" el="41" ec="9" bec="0" bev="0" fileid="6" />
                <SequencePoint vc="1" uspid="1675" ordinal="0" offset="15" sl="41" sc="33" el="41" ec="33" bec="0" bev="0" fileid="6" />
                <SequencePoint vc="1" uspid="1676" ordinal="0" offset="16" sl="42" sc="13" el="42" ec="13" bec="0" bev="0" fileid="6" />
                <SequencePoint vc="1" uspid="1677" ordinal="0" offset="20" sl="44" sc="9" el="44" ec="9" bec="0" bev="0" fileid="6" />
                <SequencePoint vc="1" uspid="1678" ordinal="0" offset="38" sl="45" sc="13" el="45" ec="13" bec="0" bev="0" fileid="6" />
                <SequencePoint vc="1" uspid="1679" ordinal="0" offset="52" sl="46" sc="9" el="46" ec="9" bec="0" bev="0" fileid="6" />
                <SequencePoint vc="1" uspid="1680" ordinal="0" offset="59" sl="47" sc="9" el="47" ec="9" bec="0" bev="0" fileid="6" />
                <SequencePoint vc="2" uspid="1681" ordinal="0" offset="63" sl="48" sc="5" el="48" ec="5" bec="0" bev="0" fileid="6" />
              </SequencePoints>
              <BranchPoints />
            </Method>
            <Method visited="true" cyclomaticComplexity="0" nPathComplexity="0" sequenceCoverage="100.0" branchCoverage="0" crapScore="0" isConstructor="false" isStatic="false" isGetter="false" isSetter="false">
              <Summary numSequencePoints="9" visitedSequencePoints="9" numBranchPoints="0" visitedBranchPoints="0" sequenceCoverage="100.0" branchCoverage="0" maxCyclomaticComplexity="0" minCyclomaticComplexity="0" maxCrapScore="0" minCrapScore="0" visitedClasses="0" numClasses="0" visitedMethods="1" numMethods="1" />
              <MetadataToken>100663335</MetadataToken>
              <Name>System.Void CardStack::CheckFullness()</Name>
              <FileRef uid="6" />
              <SequencePoints>
                <SequencePoint vc="3" uspid="1682" ordinal="0" offset="0" sl="50" sc="33" el="50" ec="33" bec="0" bev="0" fileid="6" />
                <SequencePoint vc="3" uspid="1683" ordinal="0" offset="1" sl="51" sc="9" el="51" ec="9" bec="0" bev="0" fileid="6" />
                <SequencePoint vc="2" uspid="1684" ordinal="0" offset="21" sl="52" sc="9" el="52" ec="9" bec="0" bev="0" fileid="6" />
                <SequencePoint vc="2" uspid="1685" ordinal="0" offset="22" sl="53" sc="13" el="53" ec="13" bec="0" bev="0" fileid="6" />
                <SequencePoint vc="2" uspid="1686" ordinal="0" offset="29" sl="54" sc="9" el="54" ec="9" bec="0" bev="0" fileid="6" />
                <SequencePoint vc="1" uspid="1687" ordinal="0" offset="32" sl="55" sc="14" el="55" ec="14" bec="0" bev="0" fileid="6" />
                <SequencePoint vc="1" uspid="1688" ordinal="0" offset="33" sl="56" sc="13" el="56" ec="13" bec="0" bev="0" fileid="6" />
                <SequencePoint vc="1" uspid="1689" ordinal="0" offset="40" sl="57" sc="9" el="57" ec="9" bec="0" bev="0" fileid="6" />
                <SequencePoint vc="3" uspid="1690" ordinal="0" offset="41" sl="58" sc="5" el="58" ec="5" bec="0" bev="0" fileid="6" />
              </SequencePoints>
              <BranchPoints />
            </Method>
            <Method visited="true" cyclomaticComplexity="0" nPathComplexity="0" sequenceCoverage="100.0" branchCoverage="0" crapScore="0" isConstructor="false" isStatic="false" isGetter="false" isSetter="false">
              <Summary numSequencePoints="3" visitedSequencePoints="3" numBranchPoints="0" visitedBranchPoints="0" sequenceCoverage="100.0" branchCoverage="0" maxCyclomaticComplexity="0" minCyclomaticComplexity="0" maxCrapScore="0" minCrapScore="0" visitedClasses="0" numClasses="0" visitedMethods="1" numMethods="1" />
              <MetadataToken>100663336</MetadataToken>
              <Name>System.Boolean CardStack::IsFull()</Name>
              <FileRef uid="6" />
              <SequencePoints>
                <SequencePoint vc="1" uspid="1691" ordinal="0" offset="0" sl="60" sc="26" el="60" ec="26" bec="0" bev="0" fileid="6" />
                <SequencePoint vc="1" uspid="1692" ordinal="0" offset="1" sl="61" sc="9" el="61" ec="9" bec="0" bev="0" fileid="6" />
                <SequencePoint vc="1" uspid="1693" ordinal="0" offset="10" sl="62" sc="5" el="62" ec="5" bec="0" bev="0" fileid="6" />
              </SequencePoints>
              <BranchPoints />
            </Method>
            <Method visited="true" cyclomaticComplexity="0" nPathComplexity="0" sequenceCoverage="100.0" branchCoverage="0" crapScore="0" isConstructor="false" isStatic="false" isGetter="false" isSetter="false">
              <Summary numSequencePoints="3" visitedSequencePoints="3" numBranchPoints="0" visitedBranchPoints="0" sequenceCoverage="100.0" branchCoverage="0" maxCyclomaticComplexity="0" minCyclomaticComplexity="0" maxCrapScore="0" minCrapScore="0" visitedClasses="0" numClasses="0" visitedMethods="1" numMethods="1" />
              <MetadataToken>100663337</MetadataToken>
              <Name>System.Int32 CardStack::GetSize()</Name>
              <FileRef uid="6" />
              <SequencePoints>
                <SequencePoint vc="4" uspid="1694" ordinal="0" offset="0" sl="65" sc="5" el="65" ec="5" bec="0" bev="0" fileid="6" />
                <SequencePoint vc="4" uspid="1695" ordinal="0" offset="1" sl="66" sc="9" el="66" ec="9" bec="0" bev="0" fileid="6" />
                <SequencePoint vc="4" uspid="1696" ordinal="0" offset="10" sl="67" sc="5" el="67" ec="5" bec="0" bev="0" fileid="6" />
              </SequencePoints>
              <BranchPoints />
            </Method>
            <Method visited="true" cyclomaticComplexity="0" nPathComplexity="0" sequenceCoverage="100.0" branchCoverage="0" crapScore="0" isConstructor="true" isStatic="false" isGetter="false" isSetter="false">
              <Summary numSequencePoints="6" visitedSequencePoints="6" numBranchPoints="0" visitedBranchPoints="0" sequenceCoverage="100.0" branchCoverage="0" maxCyclomaticComplexity="0" minCyclomaticComplexity="0" maxCrapScore="0" minCrapScore="0" visitedClasses="0" numClasses="0" visitedMethods="1" numMethods="1" />
              <MetadataToken>100663330</MetadataToken>
              <Name>CardStack::CardStack(Card, System.Int32)</Name>
              <FileRef uid="6" />
              <SequencePoints>
                <SequencePoint vc="8" uspid="1697" ordinal="0" offset="0" sl="12" sc="5" el="12" ec="5" bec="0" bev="0" fileid="6" />
                <SequencePoint vc="8" uspid="1698" ordinal="0" offset="7" sl="12" sc="46" el="12" ec="46" bec="0" bev="0" fileid="6" />
                <SequencePoint vc="8" uspid="1699" ordinal="0" offset="8" sl="13" sc="9" el="13" ec="9" bec="0" bev="0" fileid="6" />
                <SequencePoint vc="8" uspid="1700" ordinal="0" offset="15" sl="14" sc="9" el="14" ec="9" bec="0" bev="0" fileid="6" />
                <SequencePoint vc="8" uspid="1701" ordinal="0" offset="22" sl="15" sc="9" el="15" ec="9" bec="0" bev="0" fileid="6" />
                <SequencePoint vc="8" uspid="1702" ordinal="0" offset="29" sl="16" sc="5" el="16" ec="5" bec="0" bev="0" fileid="6" />
              </SequencePoints>
              <BranchPoints />
            </Method>
          </Methods>
        </Class>
        <Class>
          <Summary numSequencePoints="35" visitedSequencePoints="32" numBranchPoints="0" visitedBranchPoints="0" sequenceCoverage="91.43" branchCoverage="0.0" maxCyclomaticComplexity="0" minCyclomaticComplexity="0" maxCrapScore="0" minCrapScore="0" visitedClasses="1" numClasses="1" visitedMethods="8" numMethods="8" />
          <FullName>Card</FullName>
          <Methods>
            <Method visited="true" cyclomaticComplexity="0" nPathComplexity="0" sequenceCoverage="100.0" branchCoverage="0" crapScore="0" isConstructor="false" isStatic="false" isGetter="false" isSetter="false">
              <Summary numSequencePoints="3" visitedSequencePoints="3" numBranchPoints="0" visitedBranchPoints="0" sequenceCoverage="100.0" branchCoverage="0" maxCyclomaticComplexity="0" minCyclomaticComplexity="0" maxCrapScore="0" minCrapScore="0" visitedClasses="0" numClasses="0" visitedMethods="1" numMethods="1" />
              <MetadataToken>100663339</MetadataToken>
              <Name>System.String Card::getName()</Name>
              <FileRef uid="7" />
              <SequencePoints>
                <SequencePoint vc="12" uspid="1703" ordinal="0" offset="0" sl="27" sc="29" el="27" ec="29" bec="0" bev="0" fileid="7" />
                <SequencePoint vc="12" uspid="1704" ordinal="0" offset="1" sl="28" sc="9" el="28" ec="9" bec="0" bev="0" fileid="7" />
                <SequencePoint vc="12" uspid="1705" ordinal="0" offset="10" sl="29" sc="5" el="29" ec="5" bec="0" bev="0" fileid="7" />
              </SequencePoints>
              <BranchPoints />
            </Method>
            <Method visited="true" cyclomaticComplexity="0" nPathComplexity="0" sequenceCoverage="100.0" branchCoverage="0" crapScore="0" isConstructor="false" isStatic="false" isGetter="false" isSetter="false">
              <Summary numSequencePoints="3" visitedSequencePoints="3" numBranchPoints="0" visitedBranchPoints="0" sequenceCoverage="100.0" branchCoverage="0" maxCyclomaticComplexity="0" minCyclomaticComplexity="0" maxCrapScore="0" minCrapScore="0" visitedClasses="0" numClasses="0" visitedMethods="1" numMethods="1" />
              <MetadataToken>100663340</MetadataToken>
              <Name>System.Int16 Card::getDefense()</Name>
              <FileRef uid="7" />
              <SequencePoints>
                <SequencePoint vc="1" uspid="1706" ordinal="0" offset="0" sl="46" sc="31" el="46" ec="31" bec="0" bev="0" fileid="7" />
                <SequencePoint vc="1" uspid="1707" ordinal="0" offset="1" sl="47" sc="9" el="47" ec="9" bec="0" bev="0" fileid="7" />
                <SequencePoint vc="1" uspid="1708" ordinal="0" offset="15" sl="48" sc="5" el="48" ec="5" bec="0" bev="0" fileid="7" />
              </SequencePoints>
              <BranchPoints />
            </Method>
            <Method visited="true" cyclomaticComplexity="0" nPathComplexity="0" sequenceCoverage="100.0" branchCoverage="0" crapScore="0" isConstructor="false" isStatic="false" isGetter="false" isSetter="false">
              <Summary numSequencePoints="3" visitedSequencePoints="3" numBranchPoints="0" visitedBranchPoints="0" sequenceCoverage="100.0" branchCoverage="0" maxCyclomaticComplexity="0" minCyclomaticComplexity="0" maxCrapScore="0" minCrapScore="0" visitedClasses="0" numClasses="0" visitedMethods="1" numMethods="1" />
              <MetadataToken>100663341</MetadataToken>
              <Name>System.Int16 Card::getOffense()</Name>
              <FileRef uid="7" />
              <SequencePoints>
                <SequencePoint vc="1" uspid="1709" ordinal="0" offset="0" sl="50" sc="31" el="50" ec="31" bec="0" bev="0" fileid="7" />
                <SequencePoint vc="1" uspid="1710" ordinal="0" offset="1" sl="51" sc="9" el="51" ec="9" bec="0" bev="0" fileid="7" />
                <SequencePoint vc="1" uspid="1711" ordinal="0" offset="15" sl="52" sc="5" el="52" ec="5" bec="0" bev="0" fileid="7" />
              </SequencePoints>
              <BranchPoints />
            </Method>
            <Method visited="true" cyclomaticComplexity="0" nPathComplexity="0" sequenceCoverage="100.0" branchCoverage="0" crapScore="0" isConstructor="false" isStatic="false" isGetter="false" isSetter="false">
              <Summary numSequencePoints="3" visitedSequencePoints="3" numBranchPoints="0" visitedBranchPoints="0" sequenceCoverage="100.0" branchCoverage="0" maxCyclomaticComplexity="0" minCyclomaticComplexity="0" maxCrapScore="0" minCrapScore="0" visitedClasses="0" numClasses="0" visitedMethods="1" numMethods="1" />
              <MetadataToken>100663342</MetadataToken>
              <Name>System.Int16 Card::getStaminaCost()</Name>
              <FileRef uid="7" />
              <SequencePoints>
                <SequencePoint vc="1" uspid="1712" ordinal="0" offset="0" sl="54" sc="35" el="54" ec="35" bec="0" bev="0" fileid="7" />
                <SequencePoint vc="1" uspid="1713" ordinal="0" offset="1" sl="55" sc="9" el="55" ec="9" bec="0" bev="0" fileid="7" />
                <SequencePoint vc="1" uspid="1714" ordinal="0" offset="15" sl="56" sc="5" el="56" ec="5" bec="0" bev="0" fileid="7" />
              </SequencePoints>
              <BranchPoints />
            </Method>
            <Method visited="true" cyclomaticComplexity="0" nPathComplexity="0" sequenceCoverage="83.33" branchCoverage="0" crapScore="0" isConstructor="false" isStatic="false" isGetter="false" isSetter="false">
              <Summary numSequencePoints="6" visitedSequencePoints="5" numBranchPoints="0" visitedBranchPoints="0" sequenceCoverage="83.33" branchCoverage="0" maxCyclomaticComplexity="0" minCyclomaticComplexity="0" maxCrapScore="0" minCrapScore="0" visitedClasses="0" numClasses="0" visitedMethods="1" numMethods="1" />
              <MetadataToken>100663343</MetadataToken>
              <Name>System.Void Card::setDefense(System.Int32)</Name>
              <FileRef uid="7" />
              <SequencePoints>
                <SequencePoint vc="1" uspid="1715" ordinal="0" offset="0" sl="64" sc="41" el="64" ec="41" bec="0" bev="0" fileid="7" />
                <SequencePoint vc="1" uspid="1716" ordinal="0" offset="1" sl="66" sc="9" el="66" ec="9" bec="0" bev="0" fileid="7" />
                <SequencePoint vc="0" uspid="1717" ordinal="0" offset="20" sl="67" sc="13" el="67" ec="13" bec="0" bev="0" fileid="7" />
                <SequencePoint vc="1" uspid="1718" ordinal="0" offset="31" sl="67" sc="73" el="67" ec="73" bec="0" bev="0" fileid="7" />
                <SequencePoint vc="1" uspid="1719" ordinal="0" offset="32" sl="69" sc="9" el="69" ec="9" bec="0" bev="0" fileid="7" />
                <SequencePoint vc="1" uspid="1720" ordinal="0" offset="45" sl="70" sc="5" el="70" ec="5" bec="0" bev="0" fileid="7" />
              </SequencePoints>
              <BranchPoints />
            </Method>
            <Method visited="true" cyclomaticComplexity="0" nPathComplexity="0" sequenceCoverage="83.33" branchCoverage="0" crapScore="0" isConstructor="false" isStatic="false" isGetter="false" isSetter="false">
              <Summary numSequencePoints="6" visitedSequencePoints="5" numBranchPoints="0" visitedBranchPoints="0" sequenceCoverage="83.33" branchCoverage="0" maxCyclomaticComplexity="0" minCyclomaticComplexity="0" maxCrapScore="0" minCrapScore="0" visitedClasses="0" numClasses="0" visitedMethods="1" numMethods="1" />
              <MetadataToken>100663344</MetadataToken>
              <Name>System.Void Card::setOffense(System.Int32)</Name>
              <FileRef uid="7" />
              <SequencePoints>
                <SequencePoint vc="1" uspid="1721" ordinal="0" offset="0" sl="72" sc="41" el="72" ec="41" bec="0" bev="0" fileid="7" />
                <SequencePoint vc="1" uspid="1722" ordinal="0" offset="1" sl="74" sc="9" el="74" ec="9" bec="0" bev="0" fileid="7" />
                <SequencePoint vc="0" uspid="1723" ordinal="0" offset="20" sl="75" sc="13" el="75" ec="13" bec="0" bev="0" fileid="7" />
                <SequencePoint vc="1" uspid="1724" ordinal="0" offset="31" sl="75" sc="73" el="75" ec="73" bec="0" bev="0" fileid="7" />
                <SequencePoint vc="1" uspid="1725" ordinal="0" offset="32" sl="77" sc="9" el="77" ec="9" bec="0" bev="0" fileid="7" />
                <SequencePoint vc="1" uspid="1726" ordinal="0" offset="45" sl="78" sc="5" el="78" ec="5" bec="0" bev="0" fileid="7" />
              </SequencePoints>
              <BranchPoints />
            </Method>
            <Method visited="true" cyclomaticComplexity="0" nPathComplexity="0" sequenceCoverage="83.33" branchCoverage="0" crapScore="0" isConstructor="false" isStatic="false" isGetter="false" isSetter="false">
              <Summary numSequencePoints="6" visitedSequencePoints="5" numBranchPoints="0" visitedBranchPoints="0" sequenceCoverage="83.33" branchCoverage="0" maxCyclomaticComplexity="0" minCyclomaticComplexity="0" maxCrapScore="0" minCrapScore="0" visitedClasses="0" numClasses="0" visitedMethods="1" numMethods="1" />
              <MetadataToken>100663345</MetadataToken>
              <Name>System.Void Card::setStaminaCost(System.Int32)</Name>
              <FileRef uid="7" />
              <SequencePoints>
                <SequencePoint vc="1" uspid="1727" ordinal="0" offset="0" sl="80" sc="46" el="80" ec="46" bec="0" bev="0" fileid="7" />
                <SequencePoint vc="1" uspid="1728" ordinal="0" offset="1" sl="82" sc="9" el="82" ec="9" bec="0" bev="0" fileid="7" />
                <SequencePoint vc="0" uspid="1729" ordinal="0" offset="20" sl="83" sc="13" el="83" ec="13" bec="0" bev="0" fileid="7" />
                <SequencePoint vc="1" uspid="1730" ordinal="0" offset="31" sl="83" sc="73" el="83" ec="73" bec="0" bev="0" fileid="7" />
                <SequencePoint vc="1" uspid="1731" ordinal="0" offset="32" sl="85" sc="9" el="85" ec="9" bec="0" bev="0" fileid="7" />
                <SequencePoint vc="1" uspid="1732" ordinal="0" offset="45" sl="86" sc="5" el="86" ec="5" bec="0" bev="0" fileid="7" />
              </SequencePoints>
              <BranchPoints />
            </Method>
            <Method visited="true" cyclomaticComplexity="0" nPathComplexity="0" sequenceCoverage="100.0" branchCoverage="0" crapScore="0" isConstructor="true" isStatic="false" isGetter="false" isSetter="false">
              <Summary numSequencePoints="5" visitedSequencePoints="5" numBranchPoints="0" visitedBranchPoints="0" sequenceCoverage="100.0" branchCoverage="0" maxCyclomaticComplexity="0" minCyclomaticComplexity="0" maxCrapScore="0" minCrapScore="0" visitedClasses="0" numClasses="0" visitedMethods="1" numMethods="1" />
              <MetadataToken>100663338</MetadataToken>
              <Name>Card::Card(UnityEngine.Sprite, System.String)</Name>
              <FileRef uid="7" />
              <SequencePoints>
                <SequencePoint vc="5" uspid="1733" ordinal="0" offset="0" sl="22" sc="5" el="22" ec="5" bec="0" bev="0" fileid="7" />
                <SequencePoint vc="5" uspid="1734" ordinal="0" offset="7" sl="22" sc="43" el="22" ec="43" bec="0" bev="0" fileid="7" />
                <SequencePoint vc="5" uspid="1735" ordinal="0" offset="8" sl="23" sc="9" el="23" ec="9" bec="0" bev="0" fileid="7" />
                <SequencePoint vc="5" uspid="1736" ordinal="0" offset="15" sl="24" sc="9" el="24" ec="9" bec="0" bev="0" fileid="7" />
                <SequencePoint vc="5" uspid="1737" ordinal="0" offset="22" sl="25" sc="5" el="25" ec="5" bec="0" bev="0" fileid="7" />
              </SequencePoints>
              <BranchPoints />
            </Method>
          </Methods>
        </Class>
        <Class>
          <Summary numSequencePoints="47" visitedSequencePoints="47" numBranchPoints="0" visitedBranchPoints="0" sequenceCoverage="100.0" branchCoverage="0.0" maxCyclomaticComplexity="0" minCyclomaticComplexity="0" maxCrapScore="0" minCrapScore="0" visitedClasses="1" numClasses="1" visitedMethods="12" numMethods="12" />
          <FullName>Player</FullName>
          <Methods>
            <Method visited="true" cyclomaticComplexity="0" nPathComplexity="0" sequenceCoverage="100.0" branchCoverage="0" crapScore="0" isConstructor="false" isStatic="false" isGetter="false" isSetter="false">
              <Summary numSequencePoints="3" visitedSequencePoints="3" numBranchPoints="0" visitedBranchPoints="0" sequenceCoverage="100.0" branchCoverage="0" maxCyclomaticComplexity="0" minCyclomaticComplexity="0" maxCrapScore="0" minCrapScore="0" visitedClasses="0" numClasses="0" visitedMethods="1" numMethods="1" />
              <MetadataToken>100663418</MetadataToken>
              <Name>System.Boolean Player::IsPlayerTurnFinished()</Name>
              <FileRef uid="18" />
              <SequencePoints>
                <SequencePoint vc="4" uspid="2322" ordinal="0" offset="0" sl="27" sc="40" el="27" ec="40" bec="0" bev="0" fileid="18" />
                <SequencePoint vc="4" uspid="2323" ordinal="0" offset="1" sl="28" sc="9" el="28" ec="9" bec="0" bev="0" fileid="18" />
                <SequencePoint vc="4" uspid="2324" ordinal="0" offset="10" sl="29" sc="5" el="29" ec="5" bec="0" bev="0" fileid="18" />
              </SequencePoints>
              <BranchPoints />
            </Method>
            <Method visited="true" cyclomaticComplexity="0" nPathComplexity="0" sequenceCoverage="100.0" branchCoverage="0" crapScore="0" isConstructor="false" isStatic="false" isGetter="false" isSetter="false">
              <Summary numSequencePoints="3" visitedSequencePoints="3" numBranchPoints="0" visitedBranchPoints="0" sequenceCoverage="100.0" branchCoverage="0" maxCyclomaticComplexity="0" minCyclomaticComplexity="0" maxCrapScore="0" minCrapScore="0" visitedClasses="0" numClasses="0" visitedMethods="1" numMethods="1" />
              <MetadataToken>100663419</MetadataToken>
              <Name>System.Void Player::PlayerFinishTurn()</Name>
              <FileRef uid="18" />
              <SequencePoints>
                <SequencePoint vc="2" uspid="2325" ordinal="0" offset="0" sl="33" sc="36" el="33" ec="36" bec="0" bev="0" fileid="18" />
                <SequencePoint vc="2" uspid="2326" ordinal="0" offset="1" sl="34" sc="9" el="34" ec="9" bec="0" bev="0" fileid="18" />
                <SequencePoint vc="2" uspid="2327" ordinal="0" offset="8" sl="35" sc="5" el="35" ec="5" bec="0" bev="0" fileid="18" />
              </SequencePoints>
              <BranchPoints />
            </Method>
            <Method visited="true" cyclomaticComplexity="0" nPathComplexity="0" sequenceCoverage="100.0" branchCoverage="0" crapScore="0" isConstructor="false" isStatic="false" isGetter="false" isSetter="false">
              <Summary numSequencePoints="3" visitedSequencePoints="3" numBranchPoints="0" visitedBranchPoints="0" sequenceCoverage="100.0" branchCoverage="0" maxCyclomaticComplexity="0" minCyclomaticComplexity="0" maxCrapScore="0" minCrapScore="0" visitedClasses="0" numClasses="0" visitedMethods="1" numMethods="1" />
              <MetadataToken>100663420</MetadataToken>
              <Name>System.Void Player::PlayerStartTurn()</Name>
              <FileRef uid="18" />
              <SequencePoints>
                <SequencePoint vc="1" uspid="2328" ordinal="0" offset="0" sl="39" sc="34" el="39" ec="34" bec="0" bev="0" fileid="18" />
                <SequencePoint vc="1" uspid="2329" ordinal="0" offset="1" sl="40" sc="9" el="40" ec="9" bec="0" bev="0" fileid="18" />
                <SequencePoint vc="1" uspid="2330" ordinal="0" offset="8" sl="41" sc="5" el="41" ec="5" bec="0" bev="0" fileid="18" />
              </SequencePoints>
              <BranchPoints />
            </Method>
            <Method visited="true" cyclomaticComplexity="0" nPathComplexity="0" sequenceCoverage="100.0" branchCoverage="0" crapScore="0" isConstructor="false" isStatic="false" isGetter="false" isSetter="false">
              <Summary numSequencePoints="8" visitedSequencePoints="8" numBranchPoints="0" visitedBranchPoints="0" sequenceCoverage="100.0" branchCoverage="0" maxCyclomaticComplexity="0" minCyclomaticComplexity="0" maxCrapScore="0" minCrapScore="0" visitedClasses="0" numClasses="0" visitedMethods="1" numMethods="1" />
              <MetadataToken>100663421</MetadataToken>
              <Name>System.Void Player::AddTiles(Tile/TileReference)</Name>
              <FileRef uid="18" />
              <SequencePoints>
                <SequencePoint vc="1" uspid="2331" ordinal="0" offset="0" sl="45" sc="51" el="45" ec="51" bec="0" bev="0" fileid="18" />
                <SequencePoint vc="1" uspid="2332" ordinal="0" offset="1" sl="46" sc="9" el="46" ec="9" bec="0" bev="0" fileid="18" />
                <SequencePoint vc="1" uspid="2333" ordinal="0" offset="15" sl="47" sc="9" el="47" ec="9" bec="0" bev="0" fileid="18" />
                <SequencePoint vc="1" uspid="2334" ordinal="0" offset="34" sl="48" sc="9" el="48" ec="9" bec="0" bev="0" fileid="18" />
                <SequencePoint vc="1" uspid="2335" ordinal="0" offset="35" sl="49" sc="13" el="49" ec="13" bec="0" bev="0" fileid="18" />
                <SequencePoint vc="1" uspid="2336" ordinal="0" offset="48" sl="50" sc="13" el="50" ec="13" bec="0" bev="0" fileid="18" />
                <SequencePoint vc="1" uspid="2337" ordinal="0" offset="59" sl="51" sc="9" el="51" ec="9" bec="0" bev="0" fileid="18" />
                <SequencePoint vc="1" uspid="2338" ordinal="0" offset="60" sl="52" sc="5" el="52" ec="5" bec="0" bev="0" fileid="18" />
              </SequencePoints>
              <BranchPoints />
            </Method>
            <Method visited="true" cyclomaticComplexity="0" nPathComplexity="0" sequenceCoverage="100.0" branchCoverage="0" crapScore="0" isConstructor="false" isStatic="false" isGetter="false" isSetter="false">
              <Summary numSequencePoints="3" visitedSequencePoints="3" numBranchPoints="0" visitedBranchPoints="0" sequenceCoverage="100.0" branchCoverage="0" maxCyclomaticComplexity="0" minCyclomaticComplexity="0" maxCrapScore="0" minCrapScore="0" visitedClasses="0" numClasses="0" visitedMethods="1" numMethods="1" />
              <MetadataToken>100663425</MetadataToken>
              <Name>UnityEngine.Material Player::GetColor()</Name>
              <FileRef uid="18" />
              <SequencePoints>
                <SequencePoint vc="1" uspid="2371" ordinal="0" offset="0" sl="94" sc="5" el="94" ec="5" bec="0" bev="0" fileid="18" />
                <SequencePoint vc="1" uspid="2372" ordinal="0" offset="1" sl="95" sc="9" el="95" ec="9" bec="0" bev="0" fileid="18" />
                <SequencePoint vc="1" uspid="2373" ordinal="0" offset="10" sl="96" sc="5" el="96" ec="5" bec="0" bev="0" fileid="18" />
              </SequencePoints>
              <BranchPoints />
            </Method>
            <Method visited="true" cyclomaticComplexity="0" nPathComplexity="0" sequenceCoverage="100.0" branchCoverage="0" crapScore="0" isConstructor="false" isStatic="false" isGetter="false" isSetter="false">
              <Summary numSequencePoints="3" visitedSequencePoints="3" numBranchPoints="0" visitedBranchPoints="0" sequenceCoverage="100.0" branchCoverage="0" maxCyclomaticComplexity="0" minCyclomaticComplexity="0" maxCrapScore="0" minCrapScore="0" visitedClasses="0" numClasses="0" visitedMethods="1" numMethods="1" />
              <MetadataToken>100663426</MetadataToken>
              <Name>System.String Player::GetName()</Name>
              <FileRef uid="18" />
              <SequencePoints>
                <SequencePoint vc="2" uspid="2374" ordinal="0" offset="0" sl="99" sc="5" el="99" ec="5" bec="0" bev="0" fileid="18" />
                <SequencePoint vc="2" uspid="2375" ordinal="0" offset="1" sl="100" sc="9" el="100" ec="9" bec="0" bev="0" fileid="18" />
                <SequencePoint vc="2" uspid="2376" ordinal="0" offset="10" sl="101" sc="5" el="101" ec="5" bec="0" bev="0" fileid="18" />
              </SequencePoints>
              <BranchPoints />
            </Method>
            <Method visited="true" cyclomaticComplexity="0" nPathComplexity="0" sequenceCoverage="100.0" branchCoverage="0" crapScore="0" isConstructor="false" isStatic="false" isGetter="false" isSetter="false">
              <Summary numSequencePoints="3" visitedSequencePoints="3" numBranchPoints="0" visitedBranchPoints="0" sequenceCoverage="100.0" branchCoverage="0" maxCyclomaticComplexity="0" minCyclomaticComplexity="0" maxCrapScore="0" minCrapScore="0" visitedClasses="0" numClasses="0" visitedMethods="1" numMethods="1" />
              <MetadataToken>100663427</MetadataToken>
              <Name>System.Void Player::SetColor(UnityEngine.Material)</Name>
              <FileRef uid="18" />
              <SequencePoints>
                <SequencePoint vc="1" uspid="2377" ordinal="0" offset="0" sl="104" sc="5" el="104" ec="5" bec="0" bev="0" fileid="18" />
                <SequencePoint vc="1" uspid="2378" ordinal="0" offset="1" sl="105" sc="9" el="105" ec="9" bec="0" bev="0" fileid="18" />
                <SequencePoint vc="1" uspid="2379" ordinal="0" offset="8" sl="106" sc="5" el="106" ec="5" bec="0" bev="0" fileid="18" />
              </SequencePoints>
              <BranchPoints />
            </Method>
            <Method visited="true" cyclomaticComplexity="0" nPathComplexity="0" sequenceCoverage="100.0" branchCoverage="0" crapScore="0" isConstructor="false" isStatic="false" isGetter="false" isSetter="false">
              <Summary numSequencePoints="3" visitedSequencePoints="3" numBranchPoints="0" visitedBranchPoints="0" sequenceCoverage="100.0" branchCoverage="0" maxCyclomaticComplexity="0" minCyclomaticComplexity="0" maxCrapScore="0" minCrapScore="0" visitedClasses="0" numClasses="0" visitedMethods="1" numMethods="1" />
              <MetadataToken>100663428</MetadataToken>
              <Name>System.Void Player::SetName(System.String)</Name>
              <FileRef uid="18" />
              <SequencePoints>
                <SequencePoint vc="1" uspid="2380" ordinal="0" offset="0" sl="109" sc="5" el="109" ec="5" bec="0" bev="0" fileid="18" />
                <SequencePoint vc="1" uspid="2381" ordinal="0" offset="1" sl="110" sc="9" el="110" ec="9" bec="0" bev="0" fileid="18" />
                <SequencePoint vc="1" uspid="2382" ordinal="0" offset="8" sl="111" sc="5" el="111" ec="5" bec="0" bev="0" fileid="18" />
              </SequencePoints>
              <BranchPoints />
            </Method>
            <Method visited="true" cyclomaticComplexity="0" nPathComplexity="0" sequenceCoverage="100.0" branchCoverage="0" crapScore="0" isConstructor="false" isStatic="false" isGetter="false" isSetter="false">
              <Summary numSequencePoints="3" visitedSequencePoints="3" numBranchPoints="0" visitedBranchPoints="0" sequenceCoverage="100.0" branchCoverage="0" maxCyclomaticComplexity="0" minCyclomaticComplexity="0" maxCrapScore="0" minCrapScore="0" visitedClasses="0" numClasses="0" visitedMethods="1" numMethods="1" />
              <MetadataToken>100663429</MetadataToken>
              <Name>System.Collections.Generic.List[TileReference] Player::getTiles()</Name>
              <FileRef uid="18" />
              <SequencePoints>
                <SequencePoint vc="1" uspid="2383" ordinal="0" offset="0" sl="114" sc="5" el="114" ec="5" bec="0" bev="0" fileid="18" />
                <SequencePoint vc="1" uspid="2384" ordinal="0" offset="1" sl="115" sc="9" el="115" ec="9" bec="0" bev="0" fileid="18" />
                <SequencePoint vc="1" uspid="2385" ordinal="0" offset="10" sl="116" sc="5" el="116" ec="5" bec="0" bev="0" fileid="18" />
              </SequencePoints>
              <BranchPoints />
            </Method>
            <Method visited="true" cyclomaticComplexity="0" nPathComplexity="0" sequenceCoverage="100.0" branchCoverage="0" crapScore="0" isConstructor="false" isStatic="false" isGetter="false" isSetter="false">
              <Summary numSequencePoints="3" visitedSequencePoints="3" numBranchPoints="0" visitedBranchPoints="0" sequenceCoverage="100.0" branchCoverage="0" maxCyclomaticComplexity="0" minCyclomaticComplexity="0" maxCrapScore="0" minCrapScore="0" visitedClasses="0" numClasses="0" visitedMethods="1" numMethods="1" />
              <MetadataToken>100663430</MetadataToken>
              <Name>System.Int32 Player::getTilesControlledCount()</Name>
              <FileRef uid="18" />
              <SequencePoints>
                <SequencePoint vc="1" uspid="2386" ordinal="0" offset="0" sl="119" sc="5" el="119" ec="5" bec="0" bev="0" fileid="18" />
                <SequencePoint vc="1" uspid="2387" ordinal="0" offset="1" sl="120" sc="9" el="120" ec="9" bec="0" bev="0" fileid="18" />
                <SequencePoint vc="1" uspid="2388" ordinal="0" offset="10" sl="121" sc="5" el="121" ec="5" bec="0" bev="0" fileid="18" />
              </SequencePoints>
              <BranchPoints />
            </Method>
            <Method visited="true" cyclomaticComplexity="0" nPathComplexity="0" sequenceCoverage="100.0" branchCoverage="0" crapScore="0" isConstructor="false" isStatic="false" isGetter="false" isSetter="false">
              <Summary numSequencePoints="3" visitedSequencePoints="3" numBranchPoints="0" visitedBranchPoints="0" sequenceCoverage="100.0" branchCoverage="0" maxCyclomaticComplexity="0" minCyclomaticComplexity="0" maxCrapScore="0" minCrapScore="0" visitedClasses="0" numClasses="0" visitedMethods="1" numMethods="1" />
              <MetadataToken>100663431</MetadataToken>
              <Name>System.Double Player::CalculatePercentage()</Name>
              <FileRef uid="18" />
              <SequencePoints>
                <SequencePoint vc="1" uspid="2389" ordinal="0" offset="0" sl="125" sc="41" el="125" ec="41" bec="0" bev="0" fileid="18" />
                <SequencePoint vc="1" uspid="2390" ordinal="0" offset="1" sl="126" sc="9" el="126" ec="9" bec="0" bev="0" fileid="18" />
                <SequencePoint vc="1" uspid="2391" ordinal="0" offset="13" sl="127" sc="5" el="127" ec="5" bec="0" bev="0" fileid="18" />
              </SequencePoints>
              <BranchPoints />
            </Method>
            <Method visited="true" cyclomaticComplexity="0" nPathComplexity="0" sequenceCoverage="100.0" branchCoverage="0" crapScore="0" isConstructor="true" isStatic="false" isGetter="false" isSetter="false">
              <Summary numSequencePoints="9" visitedSequencePoints="9" numBranchPoints="0" visitedBranchPoints="0" sequenceCoverage="100.0" branchCoverage="0" maxCyclomaticComplexity="0" minCyclomaticComplexity="0" maxCrapScore="0" minCrapScore="0" visitedClasses="0" numClasses="0" visitedMethods="1" numMethods="1" />
              <MetadataToken>100663417</MetadataToken>
              <Name>Player::Player(System.String, UnityEngine.Material)</Name>
              <FileRef uid="18" />
              <SequencePoints>
                <SequencePoint vc="6" uspid="2392" ordinal="0" offset="0" sl="12" sc="5" el="12" ec="5" bec="0" bev="0" fileid="18" />
                <SequencePoint vc="6" uspid="2393" ordinal="0" offset="11" sl="17" sc="5" el="17" ec="5" bec="0" bev="0" fileid="18" />
                <SequencePoint vc="6" uspid="2394" ordinal="0" offset="18" sl="17" sc="48" el="17" ec="48" bec="0" bev="0" fileid="18" />
                <SequencePoint vc="6" uspid="2395" ordinal="0" offset="19" sl="18" sc="9" el="18" ec="9" bec="0" bev="0" fileid="18" />
                <SequencePoint vc="6" uspid="2396" ordinal="0" offset="26" sl="19" sc="9" el="19" ec="9" bec="0" bev="0" fileid="18" />
                <SequencePoint vc="6" uspid="2397" ordinal="0" offset="33" sl="20" sc="9" el="20" ec="9" bec="0" bev="0" fileid="18" />
                <SequencePoint vc="6" uspid="2398" ordinal="0" offset="40" sl="21" sc="9" el="21" ec="9" bec="0" bev="0" fileid="18" />
                <SequencePoint vc="6" uspid="2399" ordinal="0" offset="55" sl="22" sc="9" el="22" ec="9" bec="0" bev="0" fileid="18" />
                <SequencePoint vc="6" uspid="2400" ordinal="0" offset="66" sl="23" sc="5" el="23" ec="5" bec="0" bev="0" fileid="18" />
              </SequencePoints>
              <BranchPoints />
            </Method>
          </Methods>
        </Class>
        <Class>
          <Summary numSequencePoints="24" visitedSequencePoints="24" numBranchPoints="0" visitedBranchPoints="0" sequenceCoverage="100.0" branchCoverage="0.0" maxCyclomaticComplexity="0" minCyclomaticComplexity="0" maxCrapScore="0" minCrapScore="0" visitedClasses="1" numClasses="1" visitedMethods="4" numMethods="4" />
          <FullName>TurnMaster</FullName>
          <Methods>
            <Method visited="true" cyclomaticComplexity="0" nPathComplexity="0" sequenceCoverage="100.0" branchCoverage="0" crapScore="0" isConstructor="false" isStatic="false" isGetter="false" isSetter="false">
              <Summary numSequencePoints="11" visitedSequencePoints="11" numBranchPoints="0" visitedBranchPoints="0" sequenceCoverage="100.0" branchCoverage="0" maxCyclomaticComplexity="0" minCyclomaticComplexity="0" maxCrapScore="0" minCrapScore="0" visitedClasses="0" numClasses="0" visitedMethods="1" numMethods="1" />
              <MetadataToken>100663444</MetadataToken>
              <Name>System.Boolean TurnMaster::allAreDone(Player[])</Name>
              <FileRef uid="20" />
              <SequencePoints>
                <SequencePoint vc="2" uspid="2436" ordinal="0" offset="0" sl="35" sc="5" el="35" ec="5" bec="0" bev="0" fileid="20" />
                <SequencePoint vc="2" uspid="2437" ordinal="0" offset="1" sl="36" sc="14" el="36" ec="14" bec="0" bev="0" fileid="20" />
                <SequencePoint vc="2" uspid="2438" ordinal="0" offset="5" sl="37" sc="9" el="37" ec="9" bec="0" bev="0" fileid="20" />
                <SequencePoint vc="2" uspid="2439" ordinal="0" offset="6" sl="38" sc="13" el="38" ec="13" bec="0" bev="0" fileid="20" />
                <SequencePoint vc="1" uspid="2440" ordinal="0" offset="21" sl="39" sc="13" el="39" ec="13" bec="0" bev="0" fileid="20" />
                <SequencePoint vc="1" uspid="2441" ordinal="0" offset="22" sl="40" sc="17" el="40" ec="17" bec="0" bev="0" fileid="20" />
                <SequencePoint vc="1" uspid="2442" ordinal="0" offset="26" sl="42" sc="9" el="42" ec="9" bec="0" bev="0" fileid="20" />
                <SequencePoint vc="1" uspid="2443" ordinal="0" offset="27" sl="36" sc="45" el="36" ec="45" bec="0" bev="0" fileid="20" />
                <SequencePoint vc="3" uspid="2444" ordinal="0" offset="31" sl="36" sc="25" el="36" ec="25" bec="0" bev="0" fileid="20" />
                <SequencePoint vc="1" uspid="2445" ordinal="0" offset="41" sl="43" sc="9" el="43" ec="9" bec="0" bev="0" fileid="20" />
                <SequencePoint vc="2" uspid="2446" ordinal="0" offset="45" sl="44" sc="5" el="44" ec="5" bec="0" bev="0" fileid="20" />
              </SequencePoints>
              <BranchPoints />
            </Method>
            <Method visited="true" cyclomaticComplexity="0" nPathComplexity="0" sequenceCoverage="100.0" branchCoverage="0" crapScore="0" isConstructor="false" isStatic="false" isGetter="false" isSetter="false">
              <Summary numSequencePoints="8" visitedSequencePoints="8" numBranchPoints="0" visitedBranchPoints="0" sequenceCoverage="100.0" branchCoverage="0" maxCyclomaticComplexity="0" minCyclomaticComplexity="0" maxCrapScore="0" minCrapScore="0" visitedClasses="0" numClasses="0" visitedMethods="1" numMethods="1" />
              <MetadataToken>100663445</MetadataToken>
              <Name>System.Void TurnMaster::newTurn(Player[])</Name>
              <FileRef uid="20" />
              <SequencePoints>
                <SequencePoint vc="1" uspid="2447" ordinal="0" offset="0" sl="48" sc="5" el="48" ec="5" bec="0" bev="0" fileid="20" />
                <SequencePoint vc="1" uspid="2448" ordinal="0" offset="1" sl="49" sc="14" el="49" ec="14" bec="0" bev="0" fileid="20" />
                <SequencePoint vc="1" uspid="2449" ordinal="0" offset="5" sl="50" sc="9" el="50" ec="9" bec="0" bev="0" fileid="20" />
                <SequencePoint vc="1" uspid="2450" ordinal="0" offset="6" sl="51" sc="13" el="51" ec="13" bec="0" bev="0" fileid="20" />
                <SequencePoint vc="1" uspid="2451" ordinal="0" offset="15" sl="52" sc="9" el="52" ec="9" bec="0" bev="0" fileid="20" />
                <SequencePoint vc="1" uspid="2452" ordinal="0" offset="16" sl="49" sc="45" el="49" ec="45" bec="0" bev="0" fileid="20" />
                <SequencePoint vc="2" uspid="2453" ordinal="0" offset="20" sl="49" sc="25" el="49" ec="25" bec="0" bev="0" fileid="20" />
                <SequencePoint vc="1" uspid="2454" ordinal="0" offset="30" sl="53" sc="5" el="53" ec="5" bec="0" bev="0" fileid="20" />
              </SequencePoints>
              <BranchPoints />
            </Method>
            <Method visited="true" cyclomaticComplexity="0" nPathComplexity="0" sequenceCoverage="100.0" branchCoverage="0" crapScore="0" isConstructor="false" isStatic="false" isGetter="false" isSetter="false">
              <Summary numSequencePoints="3" visitedSequencePoints="3" numBranchPoints="0" visitedBranchPoints="0" sequenceCoverage="100.0" branchCoverage="0" maxCyclomaticComplexity="0" minCyclomaticComplexity="0" maxCrapScore="0" minCrapScore="0" visitedClasses="0" numClasses="0" visitedMethods="1" numMethods="1" />
              <MetadataToken>100663446</MetadataToken>
              <Name>System.Int32 TurnMaster::getCurrTurn()</Name>
              <FileRef uid="20" />
              <SequencePoints>
                <SequencePoint vc="1" uspid="2455" ordinal="0" offset="0" sl="56" sc="5" el="56" ec="5" bec="0" bev="0" fileid="20" />
                <SequencePoint vc="1" uspid="2456" ordinal="0" offset="1" sl="57" sc="9" el="57" ec="9" bec="0" bev="0" fileid="20" />
                <SequencePoint vc="1" uspid="2457" ordinal="0" offset="10" sl="58" sc="5" el="58" ec="5" bec="0" bev="0" fileid="20" />
              </SequencePoints>
              <BranchPoints />
            </Method>
            <Method visited="true" cyclomaticComplexity="0" nPathComplexity="0" sequenceCoverage="100.0" branchCoverage="0" crapScore="0" isConstructor="true" isStatic="false" isGetter="false" isSetter="false">
              <Summary numSequencePoints="2" visitedSequencePoints="2" numBranchPoints="0" visitedBranchPoints="0" sequenceCoverage="100.0" branchCoverage="0" maxCyclomaticComplexity="0" minCyclomaticComplexity="0" maxCrapScore="0" minCrapScore="0" visitedClasses="0" numClasses="0" visitedMethods="1" numMethods="1" />
              <MetadataToken>100663447</MetadataToken>
              <Name>TurnMaster::TurnMaster()</Name>
              <FileRef uid="20" />
              <SequencePoints>
                <SequencePoint vc="4" uspid="2458" ordinal="0" offset="0" sl="9" sc="5" el="9" ec="5" bec="0" bev="0" fileid="20" />
                <SequencePoint vc="4" uspid="2459" ordinal="0" offset="11" sl="10" sc="5" el="10" ec="5" bec="0" bev="0" fileid="20" />
              </SequencePoints>
              <BranchPoints />
            </Method>
          </Methods>
        </Class>
      </Classes>
    </Module>
  </Modules>
</CoverageSession>